[2015-04-05 01:52:33] START
[2015-04-08 13:36:59] EDIT yorock/controllers/default.py: 0
[2015-04-08 13:37:27] EDIT yorock/controllers/default.py: 0
[2015-04-08 13:39:30] EDIT yorock/views/form.html: 0
[2015-04-08 13:40:50] EDIT yorock/controllers/default.py: 0
[2015-04-08 13:41:21] EDIT yorock/controllers/default.py: 0
[2015-04-08 13:41:43] EDIT yorock/controllers/default.py: 0
[2015-04-08 13:44:20] EDIT yorock/controllers/default.py: 0
[2015-04-08 13:46:19] EDIT yorock/views/default/index.html: 0
[2015-04-10 16:06:43] EDIT yorock/views/default/index.html: 0
[2015-04-11 15:01:04] CREATE test.py: 0
[2015-04-11 15:01:17] EDIT yorock/controllers/test.py: 1
[2015-04-11 15:03:54] EDIT yorock/controllers/test.py: 2
[2015-04-11 15:04:35] EDIT yorock/controllers/test.py: 0
[2015-04-11 15:05:11] EDIT yorock/controllers/test.py: 0
[2015-04-11 15:06:27] EDIT yorock/models/menu.py: 0
[2015-04-11 15:07:10] EDIT yorock/models/menu.py: 0
[2015-04-11 15:08:01] EDIT yorock/models/menu.py: 0
[2015-04-30 17:10:28] EDIT yorock/controllers/test.py: 0
[2015-04-30 17:11:07] EDIT yorock/controllers/test.py: 1
[2015-04-30 17:11:18] EDIT yorock/controllers/test.py: 0
[2015-04-30 17:24:37] CREATE review.py: 0
[2015-04-30 17:27:53] EDIT yorock/models/review.py: 2
[2015-04-30 17:30:20] EDIT yorock/models/menu.py: 0
[2015-04-30 17:31:29] EDIT yorock/models/menu.py: 0
[2015-04-30 17:36:02] EDIT yorock/controllers/test.py: 0
[2015-04-30 18:02:46] EDIT yorock/views/default/index.html: -48
[2015-04-30 18:03:11] EDIT yorock/views/default/index.html: 3
[2015-04-30 18:07:21] EDIT yorock/views/default/index.html: 0
[2015-04-30 18:07:54] CREATE indexc.css: 0
[2015-04-30 18:16:38] EDIT yorock/static/indexc.css: 4
[2015-04-30 18:17:24] EDIT yorock/controllers/test.py: -2
[2015-04-30 18:17:50] CREATE ind.html: 0
[2015-04-30 18:19:00] EDIT yorock/views/index.html: 5
[2015-04-30 18:26:01] EDIT yorock/models/menu.py: 0
[2015-04-30 18:29:05] EDIT yorock/controllers/test.py: 0
[2015-04-30 18:29:34] EDIT yorock/controllers/test.py: 0
[2015-04-30 18:30:02] EDIT yorock/controllers/test.py: 0
[2015-04-30 18:33:30] EDIT yorock/views/index.html: 0
[2015-04-30 18:34:59] CREATE test/index.html: 0
[2015-04-30 18:35:35] EDIT yorock/views/test/index.html: 2
[2015-04-30 18:36:51] EDIT yorock/controllers/test.py: 0
[2015-04-30 18:37:55] EDIT yorock/models/review.py: 0
[2015-04-30 18:39:01] EDIT yorock/views/test/index.html: -2
[2015-04-30 18:46:00] EDIT yorock/controllers/default.py: 2
[2015-04-30 18:47:28] CREATE default/display_form.html: 0
[2015-04-30 18:52:16] EDIT yorock/models/menu.py: -6
[2015-04-30 18:59:04] EDIT yorock/controllers/test.py: 1
[2015-04-30 18:59:41] DELETE yorock/views/default/display_form.html: -3
[2015-04-30 19:00:16] CREATE test/display_form.html: 0
[2015-04-30 19:01:38] EDIT yorock/views/test/display_form.html: 2
[2015-04-30 19:02:54] EDIT yorock/views/test/index.html: 2
[2015-04-30 19:03:26] EDIT yorock/views/test/index.html: 0
[2015-04-30 19:05:06] EDIT yorock/controllers/default.py: 0
[2015-04-30 19:05:26] EDIT yorock/controllers/test.py: 0
[2015-04-30 19:06:12] EDIT yorock/views/test/index.html: 0
[2015-04-30 19:11:07] EDIT yorock/controllers/test.py: 2
[2015-04-30 19:11:36] EDIT yorock/controllers/test.py: 0
[2015-04-30 19:11:56] EDIT yorock/views/test/index.html: 0
[2015-04-30 19:14:45] EDIT yorock/controllers/test.py: 1
[2015-04-30 19:17:38] EDIT yorock/controllers/test.py: 0
[2015-04-30 19:18:11] EDIT yorock/controllers/test.py: 0
[2015-04-30 19:19:04] EDIT yorock/controllers/test.py: 0
[2015-04-30 19:20:54] EDIT yorock/controllers/test.py: -2
[2015-04-30 19:22:26] EDIT yorock/controllers/test.py: 0
[2015-04-30 19:22:57] EDIT yorock/controllers/test.py: 0
[2015-04-30 19:28:38] EDIT yorock/controllers/test.py: 0
[2015-04-30 19:29:42] EDIT yorock/controllers/test.py: 0
[2015-04-30 19:30:00] EDIT yorock/controllers/test.py: 0
[2015-04-30 19:30:56] EDIT yorock/controllers/test.py: 0
[2015-04-30 19:37:28] EDIT yorock/views/test/index.html: 0
[2015-04-30 19:38:03] EDIT yorock/views/test/index.html: 0
[2015-04-30 19:40:09] EDIT yorock/views/test/index.html: 0
[2015-04-30 19:42:39] EDIT yorock/views/test/index.html: 2
[2015-04-30 20:03:55] EDIT yorock/views/test/index.html: -2
[2015-04-30 20:05:21] EDIT yorock/views/test/index.html: 0
[2015-04-30 20:07:07] DELETE yorock/models/review.py: -2
[2015-04-30 20:30:27] EDIT yorock/models/menu.py: -1
[2015-04-30 20:30:42] EDIT yorock/controllers/test.py: 0
[2015-04-30 20:31:33] EDIT yorock/controllers/test.py: 1
[2015-04-30 20:31:38] EDIT yorock/controllers/test.py: 0
[2015-04-30 20:32:02] EDIT yorock/controllers/test.py: -1
[2015-04-30 20:38:27] DELETE yorock/static/indexc.css: -4
[2015-04-30 20:38:33] DELETE yorock/static/indexc.css.bak: 0
[2015-04-30 20:44:56] EDIT yorock/models/menu.py: -93
[2015-05-01 00:08:29] EDIT yorock/models/menu.py: 8
[2015-05-01 00:08:48] EDIT yorock/models/menu.py: 0
[2015-05-01 00:10:16] EDIT yorock/models/menu.py: -3
[2015-05-01 00:13:51] EDIT yorock/models/menu.py: 0
[2015-05-01 00:15:15] EDIT yorock/models/menu.py: 2
[2015-05-01 00:16:44] EDIT yorock/models/menu.py: 0
[2015-05-01 00:18:04] EDIT yorock/models/menu.py: 0
[2015-05-01 00:19:58] EDIT yorock/models/menu.py: 0
[2015-05-01 00:20:00] EDIT yorock/models/menu.py: 0
[2015-05-01 00:23:56] EDIT yorock/models/menu.py: -2
[2015-05-01 00:28:01] EDIT yorock/models/menu.py: 2
[2015-05-01 00:31:23] EDIT yorock/models/menu.py: 2
[2015-05-01 00:32:47] EDIT yorock/models/menu.py: 2
[2015-05-01 00:37:01] EDIT yorock/models/menu.py: -1
[2015-05-01 00:37:37] EDIT yorock/models/menu.py: -1
[2015-05-01 00:41:20] EDIT yorock/models/menu.py: -4
[2015-05-01 00:50:16] EDIT yorock/models/menu.py: 7
[2015-05-01 00:58:18] EDIT yorock/models/menu.py: 7
[2015-05-01 01:24:50] EDIT yorock/models/menu.py: 0
[2015-05-01 01:32:13] EDIT yorock/models/menu.py: 0
[2015-05-01 01:32:45] CREATE default/hello.html: 0
[2015-05-01 01:34:42] EDIT yorock/views/default/hello.html: 12
[2015-05-01 01:35:55] EDIT yorock/models/db.py: 5
[2015-05-01 01:36:04] EDIT yorock/models/db.py: 0
[2015-05-01 01:37:25] EDIT yorock/models/db.py: 0
[2015-05-01 01:38:05] EDIT yorock/controllers/default.py: 5
[2015-05-01 01:39:38] EDIT yorock/controllers/default.py: 0
[2015-05-01 01:40:45] EDIT yorock/models/db.py: -29
[2015-05-01 01:40:49] EDIT yorock/models/db.py: 0
[2015-05-01 05:20:43] EDIT yorock/models/menu.py: -2
[2015-05-01 05:21:03] EDIT yorock/models/menu.py: 0
[2015-05-01 05:23:51] EDIT yorock/models/menu.py: 0
[2015-05-01 05:24:10] DELETE yorock/controllers/test.py: -4
[2015-05-01 05:24:18] DELETE yorock/views/test/index.html: -5
[2015-05-01 05:24:23] DELETE yorock/views/test/display_form.html: -5
[2015-05-01 05:24:28] DELETE yorock/views/ind.html: -3
[2015-05-01 05:24:33] DELETE yorock/views/index.html: -5
[2015-05-01 05:24:40] DELETE yorock/views/default/hello.html: -15
[2015-05-01 05:30:14] EDIT yorock/models/db.py: 24
[2015-05-01 05:32:44] EDIT yorock/controllers/default.py: -5
[2015-05-01 05:34:28] EDIT yorock/controllers/default.py: 0
[2015-05-01 05:36:24] CREATE phone.py: 0
[2015-05-01 12:23:32] EDIT yorock/views/default/index.html: 18
[2015-05-01 12:25:28] EDIT yorock/views/default/index.html: 18
[2015-05-01 12:26:00] EDIT yorock/views/default/index.html: -1
[2015-05-01 12:27:53] EDIT yorock/views/default/index.html: 4
[2015-05-01 12:29:20] EDIT yorock/views/default/index.html: -4
[2015-05-01 12:29:57] EDIT yorock/views/default/index.html: 0
[2015-05-01 12:31:07] CREATE main.css: 0
[2015-05-01 13:18:28] CREATE phones.py: 0
[2015-05-01 14:08:48] EDIT yorock/models/db.py: 0
[2015-05-01 14:20:49] EDIT yorock/models/phones.py: 25
[2015-05-01 19:00:06] EDIT yorock/models/phones.py: 0
[2015-05-02 13:03:32] DELETE yorock/models/phones.py: -25
[2015-05-02 13:03:42] EDIT yorock/models/db.py: 0
[2015-05-02 13:08:34] DELETE yorock/controllers/phone.py: -1
[2015-05-02 15:16:06] EDIT yorock/controllers/appadmin.py: 0
[2015-05-02 15:38:22] EDIT yorock/models/db.py: 8
[2015-05-02 15:45:03] EDIT yorock/models/db.py: -1
[2015-05-02 15:46:33] EDIT yorock/models/db.py: 1
[2015-05-02 15:47:33] EDIT yorock/models/db.py: -1
[2015-05-02 15:47:59] EDIT yorock/models/db.py: 0
[2015-05-02 15:48:15] EDIT yorock/models/db.py: 0
[2015-05-02 15:49:29] EDIT yorock/models/db.py: 0
[2015-05-02 15:55:13] EDIT yorock/models/db.py: 0
[2015-05-02 15:58:31] EDIT yorock/models/db.py: 0
[2015-05-02 15:59:00] EDIT yorock/models/db.py: 0
[2015-05-02 16:04:47] EDIT yorock/models/db.py: 0
[2015-05-02 16:06:38] EDIT yorock/models/db.py: 6
[2015-05-02 16:10:45] EDIT yorock/controllers/default.py: 0
[2015-05-02 16:10:58] CREATE phones.py: 0
[2015-05-02 16:11:25] EDIT yorock/controllers/phones.py: 2
[2015-05-02 16:11:26] EDIT yorock/controllers/phones.py: 0
[2015-05-02 16:11:50] EDIT yorock/controllers/phones.py: 0
[2015-05-02 16:12:05] EDIT yorock/models/db.py: 0
[2015-05-02 16:23:51] CREATE phones/index.html: 0
[2015-05-02 16:25:59] EDIT yorock/views/phones/index.html: 5
[2015-05-02 16:26:29] EDIT yorock/models/menu.py: 0
[2015-05-02 16:27:06] EDIT yorock/models/menu.py: 0
[2015-05-02 16:27:18] EDIT yorock/models/menu.py: 0
[2015-05-02 16:27:56] EDIT yorock/models/menu.py: 0
[2015-05-02 16:28:25] EDIT yorock/models/menu.py: 0
[2015-05-02 16:31:48] EDIT yorock/controllers/phones.py: 3
[2015-05-02 16:37:54] EDIT yorock/views/phones/index.html: 0
[2015-05-02 16:50:18] EDIT yorock/models/menu.py: 0
[2015-05-02 16:50:55] EDIT yorock/models/menu.py: 0
[2015-05-02 16:51:28] EDIT yorock/models/menu.py: 0
[2015-05-02 16:53:02] EDIT yorock/views/phones/index.html: 0
[2015-05-02 16:57:26] EDIT yorock/views/phones/index.html: 4
[2015-05-02 16:57:48] EDIT yorock/views/phones/index.html: 0
[2015-05-02 16:59:03] EDIT yorock/views/phones/index.html: 0
[2015-05-02 16:59:39] EDIT yorock/views/phones/index.html: 0
[2015-05-02 17:00:18] EDIT yorock/views/phones/index.html: 0
[2015-05-02 17:01:36] EDIT yorock/views/phones/index.html: 0
[2015-05-02 17:02:37] EDIT yorock/views/phones/index.html: -10
[2015-05-02 17:08:02] EDIT yorock/views/phones/index.html: 8
[2015-05-02 17:08:28] EDIT yorock/views/phones/index.html: 0
[2015-05-02 17:08:55] EDIT yorock/views/phones/index.html: 0
[2015-05-02 17:09:27] EDIT yorock/views/phones/index.html: 0
[2015-05-02 17:10:09] EDIT yorock/views/phones/index.html: 1
[2015-05-02 17:10:24] EDIT yorock/views/phones/index.html: 0
[2015-05-02 17:10:51] EDIT yorock/views/phones/index.html: 0
[2015-05-02 17:12:03] EDIT yorock/views/phones/index.html: 1
[2015-05-02 17:14:05] EDIT yorock/views/phones/index.html: 0
[2015-05-02 17:15:23] EDIT yorock/views/phones/index.html: -1
[2015-05-02 17:16:19] EDIT yorock/views/phones/index.html: 0
[2015-05-02 17:17:52] EDIT yorock/views/phones/index.html: 0
[2015-05-02 17:20:37] EDIT yorock/views/phones/index.html: 0
[2015-05-02 17:37:58] EDIT yorock/views/phones/index.html: 0
[2015-05-02 17:39:08] EDIT yorock/views/default/index.html: 11
[2015-05-02 17:40:07] EDIT yorock/views/default/index.html: -1
[2015-05-02 17:41:24] EDIT yorock/views/default/index.html: -35
[2015-05-02 18:29:18] EDIT yorock/views/default/index.html: -4
[2015-05-02 18:30:04] EDIT yorock/views/default/index.html: 0
[2015-05-02 18:33:30] EDIT yorock/views/default/index.html: 0
[2015-05-02 18:34:16] EDIT yorock/views/default/index.html: -5
[2015-05-02 18:34:58] EDIT yorock/views/default/index.html: 5
[2015-05-02 18:37:37] EDIT yorock/views/default/index.html: 0
[2015-05-02 18:39:11] EDIT yorock/controllers/default.py: 0
[2015-05-02 18:48:11] EDIT yorock/views/default/index.html: 4
[2015-05-02 18:49:35] EDIT yorock/views/phones/index.html: 0
[2015-05-02 18:50:07] EDIT yorock/views/default/index.html: 0
[2015-05-02 18:51:53] EDIT yorock/controllers/default.py: 3
[2015-05-02 18:52:14] EDIT yorock/controllers/default.py: 0
[2015-05-02 18:53:11] EDIT yorock/controllers/default.py: -1
[2015-05-02 18:53:26] EDIT yorock/controllers/default.py: 0
[2015-05-02 18:54:39] EDIT yorock/controllers/phones.py: 0
[2015-05-02 18:55:58] EDIT yorock/views/default/index.html: 0
[2015-05-02 18:56:40] EDIT yorock/controllers/default.py: 0
[2015-05-02 18:56:55] EDIT yorock/controllers/default.py: 0
[2015-05-02 19:04:06] EDIT yorock/controllers/default.py: 0
[2015-05-02 19:04:22] EDIT yorock/controllers/default.py: -2
[2015-05-02 19:05:35] EDIT yorock/controllers/default.py: 0
[2015-05-02 19:05:53] EDIT yorock/views/default/index.html: 0
[2015-05-02 19:14:09] EDIT yorock/views/phones/index.html: 0
[2015-05-02 19:15:03] EDIT yorock/views/phones/index.html: 0
[2015-05-02 19:33:26] EDIT yorock/views/default/index.html: 0
[2015-05-02 19:34:59] EDIT yorock/views/default/index.html: 0
[2015-05-02 19:47:20] EDIT yorock/controllers/appadmin.py: 0
[2015-05-02 19:53:13] EDIT yorock/models/db.py: 18
[2015-05-02 19:54:49] CREATE laptops.py: 0
[2015-05-02 19:56:42] EDIT yorock/controllers/laptops.py: 5
[2015-05-02 19:57:42] CREATE laptops/index.html: 0
[2015-05-02 19:58:29] EDIT yorock/views/laptops/index.html: 8
[2015-05-02 19:59:39] EDIT yorock/models/menu.py: 0
[2015-05-02 20:00:24] CREATE ipads.py: 0
[2015-05-02 20:03:51] EDIT yorock/controllers/ipads.py: 5
[2015-05-02 20:04:53] EDIT yorock/controllers/laptops.py: 0
[2015-05-02 20:05:16] CREATE ipads/index.html: 0
[2015-05-02 20:06:34] EDIT yorock/views/ipads/index.html: 8
[2015-05-02 20:08:52] EDIT yorock/models/menu.py: 0
[2015-05-02 20:09:09] CREATE tablets.py: 0
[2015-05-02 20:10:42] EDIT yorock/controllers/tablets.py: 5
[2015-05-02 20:11:37] CREATE tablets/index.html: 0
[2015-05-02 20:12:35] EDIT yorock/views/tablets/index.html: 8
[2015-05-02 20:13:28] EDIT yorock/models/menu.py: 0
[2015-05-02 20:21:32] EDIT yorock/models/db.py: 35
[2015-05-02 20:22:04] CREATE fiction.py: 0
[2015-05-02 20:23:20] EDIT yorock/controllers/fiction.py: 5
[2015-05-02 20:24:03] CREATE biography.py: 0
[2015-05-02 20:25:21] EDIT yorock/controllers/biography.py: 5
[2015-05-02 20:25:45] CREATE history.py: 0
[2015-05-02 20:26:42] EDIT yorock/controllers/history.py: 5
[2015-05-02 20:27:18] CREATE philosophy.py: 0
[2015-05-02 20:28:35] EDIT yorock/controllers/philosophy.py: 5
[2015-05-02 20:30:08] CREATE sciefi.py: 0
[2015-05-02 20:31:50] EDIT yorock/controllers/sciefi.py: 5
[2015-05-02 21:15:44] CREATE fiction/index.html: 0
[2015-05-02 21:23:09] EDIT yorock/controllers/phones.py: -3
[2015-05-02 21:24:52] DELETE yorock/static/main.css: 0
[2015-05-02 21:25:56] EDIT yorock/models/menu.py: -1
[2015-05-02 22:39:30] EDIT yorock/models/db.py: 0
[2015-05-02 22:41:36] EDIT yorock/views/fiction/index.html: 9
[2015-05-02 22:42:14] CREATE biography/index.html: 0
[2015-05-02 22:43:10] EDIT yorock/views/biography/index.html: 9
[2015-05-02 22:43:29] CREATE history/index.html: 0
[2015-05-02 22:44:13] EDIT yorock/views/history/index.html: 9
[2015-05-02 22:44:43] CREATE philosophy/index.html: 0
[2015-05-02 22:45:49] EDIT yorock/views/philosophy/index.html: 9
[2015-05-02 22:46:08] CREATE sciefi/index.html: 0
[2015-05-02 22:46:55] EDIT yorock/views/sciefi/index.html: 9
[2015-05-02 22:49:37] EDIT yorock/models/menu.py: 0
[2015-05-02 22:59:38] EDIT yorock/models/menu.py: 10
[2015-05-02 23:03:11] EDIT yorock/models/db.py: 36
[2015-05-02 23:05:38] EDIT yorock/models/menu.py: 0
[2015-05-02 23:06:09] CREATE clothing.py: 0
[2015-05-02 23:07:07] EDIT yorock/controllers/clothing.py: 2
[2015-05-02 23:07:37] CREATE Clothing.py: 0
[2015-05-02 23:09:03] EDIT yorock/controllers/Clothing.py: 2
[2015-05-02 23:09:17] CREATE footwear.py: 0
[2015-05-02 23:10:28] EDIT yorock/controllers/footwear.py: 2
[2015-05-02 23:10:45] CREATE Footwear.py: 0
[2015-05-02 23:11:21] EDIT yorock/controllers/Footwear.py: 2
[2015-05-02 23:11:40] CREATE accessories.py: 0
[2015-05-02 23:12:53] EDIT yorock/controllers/accessories.py: 2
[2015-05-02 23:13:04] CREATE Accessories.py: 0
[2015-05-02 23:13:27] EDIT yorock/controllers/Accessories.py: 2
[2015-05-02 23:13:43] CREATE clothing/index.html: 0
[2015-05-02 23:15:03] EDIT yorock/views/clothing/index.html: 8
[2015-05-02 23:15:22] CREATE Clothing/index.html: 0
[2015-05-02 23:15:44] EDIT yorock/views/Clothing/index.html: 8
[2015-05-02 23:16:07] CREATE footwear/index.html: 0
[2015-05-02 23:16:46] EDIT yorock/views/footwear/index.html: 8
[2015-05-02 23:17:06] CREATE Footwear/index.html: 0
[2015-05-02 23:17:24] EDIT yorock/views/Footwear/index.html: 8
[2015-05-02 23:17:52] CREATE Accessories/index.html: 0
[2015-05-02 23:18:32] EDIT yorock/views/Accessories/index.html: 8
[2015-05-02 23:19:05] EDIT yorock/views/Accessories/index.html: 0
[2015-05-02 23:20:08] EDIT yorock/models/menu.py: 0
[2015-05-02 23:23:05] CREATE accessories/index.html: 0
[2015-05-02 23:23:23] EDIT yorock/views/accessories/index.html: 8
[2015-05-02 23:25:18] EDIT yorock/controllers/footwear.py: 0
[2015-05-02 23:27:36] EDIT yorock/models/db.py: 0
[2015-05-02 23:27:59] EDIT yorock/models/menu.py: 0
[2015-05-02 23:28:51] EDIT yorock/controllers/Clothing.py: 0
[2015-05-02 23:29:08] EDIT yorock/controllers/Accessories.py: 0
[2015-05-02 23:29:34] EDIT yorock/controllers/Footwear.py: 0
[2015-05-02 23:30:28] EDIT yorock/models/menu.py: 0
[2015-05-02 23:31:24] EDIT yorock/models/menu.py: 0
[2015-05-02 23:31:44] EDIT yorock/controllers/Accessories.py: 0
[2015-05-02 23:36:00] EDIT yorock/models/db.py: 18
[2015-05-02 23:36:48] CREATE kclothing.py: 0
[2015-05-02 23:37:35] EDIT yorock/controllers/kclothing.py: 2
[2015-05-02 23:37:50] CREATE kfootwear.py: 0
[2015-05-02 23:38:34] EDIT yorock/controllers/kfootwear.py: 2
[2015-05-02 23:38:50] CREATE kaccessories.py: 0
[2015-05-02 23:39:37] EDIT yorock/controllers/kaccessories.py: 2
[2015-05-02 23:39:52] DELETE yorock/views/phones/index.html.1: -11
[2015-05-02 23:40:21] CREATE kclothing/index.html: 0
[2015-05-02 23:40:59] EDIT yorock/views/kclothing/index.html: 8
[2015-05-02 23:41:20] CREATE kfootwear/index.html: 0
[2015-05-02 23:41:53] EDIT yorock/views/kfootwear/index.html: 8
[2015-05-02 23:42:11] CREATE kaccessories/index.html: 0
[2015-05-02 23:42:48] EDIT yorock/views/kaccessories/index.html: 8
[2015-05-02 23:44:26] EDIT yorock/models/menu.py: 5
[2015-05-02 23:46:06] EDIT yorock/models/menu.py: 0
[2015-05-02 23:46:50] EDIT yorock/views/kaccessories/index.html: 0
[2015-05-02 23:47:54] EDIT yorock/models/db.py: 0
[2015-05-02 23:49:09] EDIT yorock/models/db.py: 0
[2015-05-02 23:49:28] EDIT yorock/models/db.py: 0
[2015-05-02 23:50:09] EDIT yorock/models/menu.py: 0
[2015-05-02 23:50:51] DELETE yorock/controllers/Accessories.py: -3
[2015-05-02 23:51:02] DELETE yorock/controllers/Clothing.py: -3
[2015-05-02 23:51:06] DELETE yorock/controllers/Footwear.py: -3
[2015-05-02 23:51:30] EDIT yorock/controllers/kaccessories.py: 0
[2015-05-02 23:51:46] EDIT yorock/controllers/kclothing.py: 0
[2015-05-02 23:52:05] EDIT yorock/controllers/kfootwear.py: 0
[2015-05-02 23:52:20] DELETE yorock/controllers/accessories.py: -3
[2015-05-02 23:52:40] DELETE yorock/controllers/clothing.py: -3
[2015-05-02 23:52:45] DELETE yorock/controllers/footwear.py: -3
[2015-05-02 23:53:43] CREATE mclothing.py: 0
[2015-05-02 23:54:11] EDIT yorock/controllers/mclothing.py: 2
[2015-05-02 23:54:53] CREATE maccessories.py: 0
[2015-05-02 23:55:17] EDIT yorock/controllers/maccessories.py: 2
[2015-05-02 23:55:47] EDIT yorock/controllers/mclothing.py: 0
[2015-05-02 23:56:12] CREATE mfootwear.py: 0
[2015-05-02 23:56:54] EDIT yorock/controllers/mfootwear.py: 2
[2015-05-02 23:57:14] CREATE waccessories.py: 0
[2015-05-02 23:57:26] CREATE wfootwear.py: 0
[2015-05-02 23:57:36] CREATE wclothing.py: 0
[2015-05-02 23:57:56] EDIT yorock/controllers/waccessories.py: 2
[2015-05-02 23:58:29] EDIT yorock/controllers/wclothing.py: 2
[2015-05-02 23:59:09] EDIT yorock/controllers/wfootwear.py: 2
[2015-05-03 00:00:48] EDIT yorock/models/db.py: 0
[2015-05-03 00:02:14] DELETE yorock/views/Accessories/index.html: -11
[2015-05-03 00:02:18] DELETE yorock/views/Clothing/index.html: -11
[2015-05-03 00:02:22] DELETE yorock/views/Footwear/index.html: -11
[2015-05-03 00:02:33] DELETE yorock/views/footwear/index.html: -11
[2015-05-03 00:02:42] DELETE yorock/views/accessories/index.html: -11
[2015-05-03 00:03:06] DELETE yorock/views/clothing/index.html: -11
[2015-05-03 00:05:20] CREATE mclothing/index.html: 0
[2015-05-03 00:06:07] EDIT yorock/views/mclothing/index.html: 8
[2015-05-03 00:06:27] CREATE maccessories/index.html: 0
[2015-05-03 00:06:45] EDIT yorock/views/maccessories/index.html: 8
[2015-05-03 00:07:57] CREATE mfootwear/index.html: 0
[2015-05-03 00:08:18] EDIT yorock/views/mfootwear/index.html: 8
[2015-05-03 00:08:29] EDIT yorock/views/mfootwear/index.html: 0
[2015-05-03 00:09:17] CREATE waccessories/index.html: 0
[2015-05-03 00:09:53] EDIT yorock/views/waccessories/index.html: 8
[2015-05-03 00:10:24] EDIT yorock/views/kclothing/index.html: 0
[2015-05-03 00:10:36] EDIT yorock/views/kfootwear/index.html: 0
[2015-05-03 00:10:48] EDIT yorock/views/waccessories/index.html: 0
[2015-05-03 00:11:01] CREATE wclothing/index.html: 0
[2015-05-03 00:11:24] EDIT yorock/views/wclothing/index.html: 8
[2015-05-03 00:11:45] CREATE wfootwear/index.html: 0
[2015-05-03 00:12:04] EDIT yorock/views/wfootwear/index.html: 8
[2015-05-03 00:12:29] EDIT yorock/models/menu.py: 0
[2015-05-03 00:13:47] EDIT yorock/models/db.py: 0
[2015-05-03 00:14:24] EDIT yorock/controllers/mfootwear.py: 0
[2015-05-03 00:14:52] EDIT yorock/controllers/wclothing.py: 0
[2015-05-03 00:15:41] EDIT yorock/controllers/mclothing.py: 0
[2015-05-03 00:15:53] EDIT yorock/controllers/mfootwear.py: 0
[2015-05-03 00:16:09] EDIT yorock/controllers/maccessories.py: 0
[2015-05-03 00:16:22] EDIT yorock/controllers/waccessories.py: 0
[2015-05-03 00:16:33] EDIT yorock/controllers/wclothing.py: 0
[2015-05-03 00:17:11] EDIT yorock/controllers/wfootwear.py: 0
[2015-05-03 00:17:24] EDIT yorock/controllers/kclothing.py: 0
[2015-05-03 00:17:26] EDIT yorock/controllers/kclothing.py: 0
[2015-05-03 00:17:37] EDIT yorock/controllers/kaccessories.py: 0
[2015-05-03 00:17:49] EDIT yorock/controllers/kfootwear.py: 0
[2015-05-03 00:18:18] EDIT yorock/views/mclothing/index.html: 0
[2015-05-03 00:19:11] EDIT yorock/views/waccessories/index.html: 0
[2015-05-03 00:19:28] EDIT yorock/views/wclothing/index.html: 0
[2015-05-03 00:19:32] EDIT yorock/views/wclothing/index.html: 0
[2015-05-03 00:20:32] EDIT yorock/models/menu.py: 0
[2015-05-03 00:22:49] EDIT yorock/models/db.py: 0
[2015-05-03 00:24:26] EDIT yorock/models/menu.py: 0
[2015-05-03 00:26:54] EDIT yorock/models/menu.py: 0
[2015-05-03 00:27:55] EDIT yorock/models/db.py: -4
[2015-05-03 00:28:34] EDIT yorock/models/db.py: 0
[2015-05-03 00:29:13] EDIT yorock/models/db.py: 0
[2015-05-03 00:29:41] EDIT yorock/models/db.py: 0
[2015-05-03 00:30:30] DELETE yorock/controllers/waccessories.py: -3
[2015-05-03 00:30:41] CREATE waccess.py: 0
[2015-05-03 00:31:40] DELETE yorock/controllers/kaccessories.py: -3
[2015-05-03 00:31:49] DELETE yorock/controllers/kclothing.py: -3
[2015-05-03 00:31:54] DELETE yorock/controllers/kfootwear.py: -3
[2015-05-03 00:32:07] DELETE yorock/controllers/wclothing.py: -3
[2015-05-03 00:32:13] DELETE yorock/controllers/wfootwear.py: -3
[2015-05-03 00:32:33] DELETE yorock/views/kaccessories/index.html: -11
[2015-05-03 00:32:42] DELETE yorock/views/kclothing/index.html: -11
[2015-05-03 00:32:48] DELETE yorock/views/kfootwear/index.html: -11
[2015-05-03 00:32:56] DELETE yorock/views/waccessories/index.html: -11
[2015-05-03 00:33:03] DELETE yorock/views/wclothing/index.html: -11
[2015-05-03 00:33:10] DELETE yorock/views/wfootwear/index.html: -11
[2015-05-03 00:33:51] EDIT yorock/controllers/waccess.py: 2
[2015-05-03 00:36:01] CREATE wcloth.py: 0
[2015-05-03 00:36:30] EDIT yorock/controllers/wcloth.py: 2
[2015-05-03 00:36:43] CREATE wfoot.py: 0
[2015-05-03 00:37:10] EDIT yorock/controllers/wfoot.py: 2
[2015-05-03 00:37:35] CREATE kidfood.py: 0
[2015-05-03 00:37:41] DELETE yorock/controllers/kidfood.py: -1
[2015-05-03 00:37:49] CREATE kidfoot.py: 0
[2015-05-03 00:38:23] EDIT yorock/controllers/kidfoot.py: 2
[2015-05-03 00:38:38] CREATE kidaccess.py: 0
[2015-05-03 00:39:07] EDIT yorock/controllers/kidaccess.py: 2
[2015-05-03 00:39:20] CREATE kidcloth.py: 0
[2015-05-03 00:39:52] EDIT yorock/controllers/kidcloth.py: 2
[2015-05-03 00:40:26] CREATE wcloth/index.html: 0
[2015-05-03 00:40:48] EDIT yorock/views/wcloth/index.html: 8
[2015-05-03 00:41:11] CREATE waccess/index.html: 0
[2015-05-03 00:41:34] EDIT yorock/views/waccess/index.html: 8
[2015-05-03 00:41:53] CREATE wfoot/index.html: 0
[2015-05-03 00:43:00] EDIT yorock/views/wfoot/index.html: 8
[2015-05-03 00:43:26] CREATE kidcloth/index.html: 0
[2015-05-03 00:43:49] EDIT yorock/views/kidcloth/index.html: 8
[2015-05-03 00:44:09] CREATE kidfoot/index.html: 0
[2015-05-03 00:44:27] EDIT yorock/views/kidfoot/index.html: 8
[2015-05-03 00:44:43] CREATE kidaccess/index.html: 0
[2015-05-03 00:45:01] EDIT yorock/views/kidaccess/index.html: 8
[2015-05-03 00:46:02] EDIT yorock/models/menu.py: 0
[2015-05-03 00:46:28] EDIT yorock/models/menu.py: 0
[2015-05-03 00:46:54] EDIT yorock/views/kidfoot/index.html: 0
[2015-05-03 00:47:12] EDIT yorock/views/kidaccess/index.html: 0
[2015-05-03 00:47:54] EDIT yorock/views/waccess/index.html: 0
[2015-05-03 00:48:13] EDIT yorock/views/wfoot/index.html: 0
[2015-05-03 01:03:29] EDIT yorock/views/kidaccess/index.html: 0
[2015-05-03 01:04:12] EDIT yorock/models/db.py: 0
[2015-05-03 01:05:08] EDIT yorock/models/db.py: 0
[2015-05-03 01:05:33] EDIT yorock/models/db.py: 0
[2015-05-03 01:07:52] EDIT yorock/models/menu.py: -1
[2015-05-03 01:08:22] EDIT yorock/models/menu.py: 0
[2015-05-03 01:47:50] EDIT yorock/views/ipads/index.html: 0
[2015-05-03 01:48:47] EDIT yorock/models/menu.py: 0
[2015-05-03 01:49:24] EDIT yorock/views/default/index.html: 0
[2015-05-03 02:09:36] EDIT yorock/models/menu.py: 0
[2015-05-03 02:10:59] EDIT yorock/controllers/history.py: 0
[2015-05-03 02:12:56] EDIT yorock/controllers/default.py: 2
[2015-05-03 02:14:18] EDIT yorock/models/db.py: 6
[2015-05-03 02:14:47] EDIT yorock/models/menu.py: 0
[2015-05-03 02:15:06] CREATE ac.html: 0
[2015-05-03 02:15:24] EDIT yorock/views/maccessories/index.html: 0
[2015-05-03 02:15:59] EDIT yorock/views/ac.html: 8
[2015-05-03 02:16:21] EDIT yorock/controllers/default.py: 0
[2015-05-03 02:19:34] EDIT yorock/models/menu.py: 0
[2015-05-03 02:20:15] EDIT yorock/models/db.py: 0
[2015-05-03 02:21:02] EDIT yorock/controllers/default.py: 1
[2015-05-03 02:21:51] EDIT yorock/controllers/default.py: 0
[2015-05-03 02:22:20] EDIT yorock/models/menu.py: 0
[2015-05-03 02:22:41] EDIT yorock/views/ac.html: 0
[2015-05-03 02:23:04] CREATE default/ac.html: 0
[2015-05-03 02:23:15] EDIT yorock/views/ac.html: 0
[2015-05-03 02:23:33] EDIT yorock/views/default/ac.html: 8
[2015-05-03 02:32:20] EDIT yorock/controllers/default.py: 3
[2015-05-03 02:34:51] EDIT yorock/controllers/default.py: 3
[2015-05-03 02:36:31] EDIT yorock/controllers/default.py: 3
[2015-05-03 02:37:23] EDIT yorock/controllers/default.py: 3
[2015-05-03 02:38:06] EDIT yorock/controllers/default.py: 3
[2015-05-03 02:38:49] EDIT yorock/controllers/default.py: 3
[2015-05-03 02:39:39] EDIT yorock/controllers/default.py: 3
[2015-05-03 02:40:34] EDIT yorock/controllers/default.py: 3
[2015-05-03 02:41:30] EDIT yorock/controllers/default.py: 3
[2015-05-03 02:42:41] EDIT yorock/controllers/default.py: 3
[2015-05-03 02:43:33] EDIT yorock/controllers/default.py: 3
[2015-05-03 02:44:58] EDIT yorock/controllers/default.py: 3
[2015-05-03 02:45:45] EDIT yorock/controllers/default.py: 3
[2015-05-03 02:46:53] EDIT yorock/controllers/default.py: 3
[2015-05-03 02:47:59] EDIT yorock/controllers/default.py: 3
[2015-05-03 02:48:55] EDIT yorock/controllers/default.py: 3
[2015-05-03 02:49:45] EDIT yorock/controllers/default.py: 3
[2015-05-03 02:50:36] EDIT yorock/controllers/default.py: 3
[2015-05-03 03:10:56] EDIT yorock/models/menu.py: 0
[2015-05-03 03:16:32] EDIT yorock/models/menu.py: 0
[2015-05-03 03:16:36] EDIT yorock/models/menu.py: 0
[2015-05-03 03:24:42] EDIT yorock/controllers/default.py: 9
[2015-05-03 03:26:24] EDIT yorock/models/db.py: 18
[2015-05-03 03:26:54] CREATE default/furniture.html: 0
[2015-05-03 03:27:55] EDIT yorock/views/default/furniture.html: 8
[2015-05-03 03:28:42] CREATE default/tv.html: 0
[2015-05-03 03:29:45] EDIT yorock/views/default/tv.html: 8
[2015-05-03 03:30:17] CREATE defult/refrigerators.html: 0
[2015-05-03 03:31:14] EDIT yorock/views/defult/refrigerators.html: 8
[2015-05-03 03:33:09] EDIT yorock/models/menu.py: 0
[2015-05-03 03:43:59] DELETE yorock/controllers/wfoot.py: -3
[2015-05-03 03:44:05] DELETE yorock/controllers/wcloth.py: -3
[2015-05-03 03:44:10] DELETE yorock/controllers/waccess.py: -3
[2015-05-03 03:44:14] DELETE yorock/controllers/tablets.py: -6
[2015-05-03 03:44:19] DELETE yorock/controllers/sciefi.py: -6
[2015-05-03 03:44:25] DELETE yorock/controllers/phones.py: -3
[2015-05-03 03:44:30] DELETE yorock/controllers/philosophy.py: -6
[2015-05-03 03:44:33] DELETE yorock/controllers/mfootwear.py: -3
[2015-05-03 03:44:39] DELETE yorock/controllers/mclothing.py: -3
[2015-05-03 03:44:47] DELETE yorock/controllers/maccessories.py: -3
[2015-05-03 03:44:55] DELETE yorock/controllers/laptops.py: -6
[2015-05-03 03:45:07] DELETE yorock/controllers/kidfoot.py: -3
[2015-05-03 03:45:11] DELETE yorock/controllers/kidcloth.py: -3
[2015-05-03 03:45:15] DELETE yorock/controllers/kidaccess.py: -3
[2015-05-03 03:45:19] DELETE yorock/controllers/ipads.py: -6
[2015-05-03 03:45:23] DELETE yorock/controllers/history.py: -6
[2015-05-03 03:45:27] DELETE yorock/controllers/fiction.py: -6
[2015-05-03 03:45:36] DELETE yorock/controllers/biography.py: -6
[2015-05-03 03:45:44] DELETE yorock/views/ac.html: -11
[2015-05-03 03:45:51] DELETE yorock/views/biography/index.html: -12
[2015-05-03 03:46:14] DELETE yorock/views/fiction/index.html: -12
[2015-05-03 03:46:27] DELETE yorock/views/history/index.html: -12
[2015-05-03 03:46:35] DELETE yorock/views/ipads/index.html: -11
[2015-05-03 03:46:41] DELETE yorock/views/kidaccess/index.html: -11
[2015-05-03 03:46:51] DELETE yorock/views/kidcloth/index.html: -11
[2015-05-03 03:46:58] DELETE yorock/views/kidfoot/index.html: -11
[2015-05-03 03:47:05] DELETE yorock/views/laptops/index.html: -11
[2015-05-03 03:47:12] DELETE yorock/views/maccessories/index.html: -11
[2015-05-03 03:47:18] DELETE yorock/views/mclothing/index.html: -11
[2015-05-03 03:47:25] DELETE yorock/views/mfootwear/index.html: -11
[2015-05-03 03:47:31] DELETE yorock/views/philosophy/index.html: -12
[2015-05-03 03:47:37] DELETE yorock/views/phones/index.html: -11
[2015-05-03 03:47:43] DELETE yorock/views/sciefi/index.html: -12
[2015-05-03 03:47:49] DELETE yorock/views/tablets/index.html: -11
[2015-05-03 03:47:55] DELETE yorock/views/waccess/index.html: -11
[2015-05-03 03:48:00] DELETE yorock/views/wcloth/index.html: -11
[2015-05-03 03:48:09] DELETE yorock/views/wfoot/index.html: -11
[2015-05-03 12:09:58] EDIT yorock/models/menu.py: 0
[2015-05-03 12:11:46] EDIT yorock/models/menu.py: 0
[2015-05-03 12:13:21] EDIT yorock/views/default/refrigerators.html: 0
[2015-05-03 12:14:09] EDIT yorock/views/default/ac.html: 0
[2015-05-03 12:14:58] EDIT yorock/views/default/tv.html: 0
[2015-05-03 12:16:09] EDIT yorock/views/default/furniture.html: 0
[2015-05-03 12:16:22] EDIT yorock/views/default/furniture.html: 0
[2015-05-03 13:14:34] EDIT yorock/views/default/furniture.html: 1
[2015-05-03 13:15:25] EDIT yorock/views/default/furniture.html: -1
[2015-05-03 13:15:44] EDIT yorock/views/default/index.html: 1
[2015-05-03 13:16:12] EDIT yorock/views/default/index.html: 0
[2015-05-03 13:16:59] EDIT yorock/controllers/default.py: 9
[2015-05-03 13:17:54] EDIT yorock/controllers/default.py: 0
[2015-05-03 13:19:12] CREATE default/cart.html: 0
[2015-05-03 13:19:48] EDIT yorock/views/default/cart.html: 9
[2015-05-03 13:20:54] EDIT yorock/controllers/default.py: 0
[2015-05-03 13:23:33] EDIT yorock/views/default/cart.html: -1
[2015-05-03 13:24:50] EDIT yorock/views/default/index.html: 0
[2015-05-03 13:26:14] EDIT yorock/views/default/index.html: 0
[2015-05-03 13:27:24] EDIT yorock/views/default/index.html: 0
[2015-05-03 13:27:57] EDIT yorock/models/db.py: 2
[2015-05-03 13:33:25] EDIT yorock/models/db.py: 0
[2015-05-03 13:39:37] EDIT yorock/views/default/cart.html: 0
[2015-05-03 13:40:13] EDIT yorock/models/menu.py: 0
[2015-05-03 13:41:17] EDIT yorock/views/default/index.html: 0
[2015-05-03 13:43:31] EDIT yorock/controllers/default.py: 7
[2015-05-03 13:43:43] EDIT yorock/controllers/default.py: 0
[2015-05-03 13:45:03] EDIT yorock/controllers/default.py: 0
[2015-05-03 13:45:19] EDIT yorock/views/default/cart.html: 0
[2015-05-03 13:56:02] EDIT yorock/views/default/index.html: 0
[2015-05-03 13:56:23] EDIT yorock/views/default/index.html: 0
[2015-05-03 13:56:58] EDIT yorock/views/appadmin.html: 0
[2015-05-03 13:57:51] EDIT yorock/views/appadmin.html: 0
[2015-05-03 13:58:39] EDIT yorock/controllers/default.py: 0
[2015-05-03 14:22:41] EDIT yorock/views/default/index.html: 0
[2015-05-03 14:27:33] EDIT yorock/views/default/index.html: 5
[2015-05-03 15:20:29] EDIT yorock/models/menu.py: 0
[2015-05-03 15:24:02] EDIT yorock/controllers/default.py: 0
[2015-05-03 15:24:18] EDIT yorock/views/default/cart.html: 0
[2015-05-03 15:25:34] EDIT yorock/controllers/default.py: 0
[2015-05-03 15:34:14] EDIT yorock/controllers/default.py: -2
[2015-05-03 15:35:15] EDIT yorock/controllers/default.py: 0
[2015-05-03 15:35:18] EDIT yorock/controllers/default.py: 0
[2015-05-03 15:36:24] EDIT yorock/controllers/default.py: 0
[2015-05-03 15:36:24] EDIT yorock/controllers/default.py: 0
[2015-05-03 15:40:48] EDIT yorock/views/default/cart.html: 1
[2015-05-03 15:42:11] EDIT yorock/views/default/cart.html: 0
[2015-05-03 15:44:04] EDIT yorock/views/default/cart.html: -1
[2015-05-03 15:46:35] EDIT yorock/controllers/default.py: 1
[2015-05-03 15:46:49] EDIT yorock/controllers/default.py: -1
[2015-05-03 15:48:22] EDIT yorock/views/default/index.html: -5
[2015-05-03 15:50:24] EDIT yorock/views/default/index.html: 0
[2015-05-03 15:51:36] EDIT yorock/views/default/index.html: 0
[2015-05-03 15:52:20] EDIT yorock/controllers/default.py: 0
[2015-05-03 15:52:20] EDIT yorock/controllers/default.py: 0
[2015-05-03 16:09:40] EDIT yorock/models/db.py: 3
[2015-05-03 16:20:41] EDIT yorock/controllers/default.py: 0
[2015-05-03 16:22:44] EDIT yorock/controllers/default.py: 0
[2015-05-03 16:23:30] EDIT yorock/controllers/default.py: 0
[2015-05-03 16:24:00] EDIT yorock/controllers/default.py: 0
[2015-05-03 16:25:23] EDIT yorock/views/default/phones.html: 0
[2015-05-03 16:26:28] EDIT yorock/views/default/phones.html: 0
[2015-05-03 16:27:33] EDIT yorock/controllers/default.py: 0
[2015-05-03 16:27:47] EDIT yorock/controllers/default.py: -3
[2015-05-03 16:28:37] EDIT yorock/controllers/default.py: 3
[2015-05-03 16:42:19] EDIT yorock/views/default/phones.html: 1
[2015-05-03 16:42:45] EDIT yorock/models/db.py: -6
[2015-05-03 16:43:34] EDIT yorock/models/db.py: 0
[2015-05-03 16:43:40] EDIT yorock/models/db.py: 0
[2015-05-03 16:44:32] EDIT yorock/controllers/default.py: 0
[2015-05-03 16:45:27] EDIT yorock/views/default/phones.html: -1
[2015-05-03 16:48:08] EDIT yorock/models/db.py: -134
[2015-05-03 16:48:08] EDIT yorock/models/db.py: 0
[2015-05-03 16:52:10] EDIT yorock/controllers/default.py: 0
[2015-05-03 16:57:02] EDIT yorock/controllers/default.py: 0
[2015-05-03 16:57:13] EDIT yorock/controllers/default.py: 0
[2015-05-03 16:57:41] EDIT yorock/controllers/default.py: 0
[2015-05-03 16:58:07] EDIT yorock/models/db.py: 0
[2015-05-03 16:58:31] EDIT yorock/controllers/default.py: 0
[2015-05-03 17:06:37] EDIT yorock/controllers/default.py: 3
[2015-05-03 17:12:05] EDIT yorock/views/default/index.html: 2
[2015-05-03 17:15:19] EDIT yorock/controllers/default.py: 3
[2015-05-03 17:15:38] EDIT yorock/controllers/default.py: 0
[2015-05-03 17:16:42] EDIT yorock/views/default/index.html: 1
[2015-05-03 17:17:51] EDIT yorock/views/default/index.html: 0
[2015-05-03 17:19:38] EDIT yorock/views/default/index.html: 1
[2015-05-03 17:20:26] EDIT yorock/views/default/index.html: 0
[2015-05-03 17:20:50] EDIT yorock/controllers/default.py: 0
[2015-05-03 17:21:25] EDIT yorock/controllers/default.py: 0
[2015-05-03 17:21:55] EDIT yorock/views/default/index.html: -2
[2015-05-03 17:22:38] EDIT yorock/controllers/default.py: 0
[2015-05-03 17:23:12] EDIT yorock/views/default/index.html: 0
[2015-05-03 17:24:57] EDIT yorock/controllers/default.py: -3
[2015-05-03 17:25:19] EDIT yorock/views/default/index.html: 0
[2015-05-03 18:04:36] EDIT yorock/views/default/index.html: -2
[2015-05-03 18:05:31] EDIT yorock/controllers/default.py: 3
[2015-05-03 18:09:30] EDIT yorock/controllers/default.py: 0
[2015-05-03 18:10:26] EDIT yorock/controllers/default.py: 0
[2015-05-03 18:10:54] EDIT yorock/controllers/default.py: 0
[2015-05-03 18:11:21] EDIT yorock/views/default/index.html: 1
[2015-05-03 18:11:54] EDIT yorock/views/default/index.html: 0
[2015-05-03 18:14:48] EDIT yorock/views/default/index.html: 1
[2015-05-03 18:15:31] EDIT yorock/views/default/index.html: 0
[2015-05-03 18:15:45] EDIT yorock/views/default/index.html: 0
[2015-05-03 18:16:19] EDIT yorock/views/form.html: 0
[2015-05-03 18:17:11] EDIT yorock/views/default/index.html: -2
[2015-05-03 18:21:59] EDIT yorock/models/db.py: 0
[2015-05-03 18:36:15] EDIT yorock/controllers/default.py: 0
[2015-05-03 18:36:38] EDIT yorock/controllers/default.py: 0
[2015-05-03 18:36:52] EDIT yorock/controllers/default.py: 0
[2015-05-03 18:37:06] EDIT yorock/controllers/default.py: 0
[2015-05-03 18:38:15] EDIT yorock/views/default/phones.html: 0
[2015-05-03 18:38:29] EDIT yorock/views/default/kidaccess.html: 0
[2015-05-03 18:39:32] EDIT yorock/views/default/phones.html: 0
[2015-05-03 18:40:11] EDIT yorock/controllers/default.py: 0
[2015-05-03 18:43:23] EDIT yorock/controllers/default.py: 0
[2015-05-03 18:44:01] EDIT yorock/controllers/default.py: 0
[2015-05-03 18:44:44] EDIT yorock/models/db.py: 1
[2015-05-03 18:45:28] EDIT yorock/models/db.py: -2
[2015-05-03 18:47:22] EDIT yorock/models/menu.py: 1
[2015-05-03 18:52:03] EDIT yorock/controllers/default.py: 3
[2015-05-03 18:52:19] EDIT yorock/controllers/default.py: 0
[2015-05-03 18:55:58] EDIT yorock/views/default/cart.html: 1
[2015-05-03 19:00:12] EDIT yorock/views/default/phones.html: 2
[2015-05-03 19:00:54] EDIT yorock/views/default/phones.html: 0
[2015-05-03 19:01:58] EDIT yorock/views/default/cart.html: 0
[2015-05-03 19:02:10] EDIT yorock/views/default/phones.html: 0
[2015-05-03 19:09:39] EDIT yorock/controllers/default.py: 0
[2015-05-03 19:11:42] EDIT yorock/views/default/fiction.html: 0
[2015-05-03 19:12:13] EDIT yorock/views/default/biography.html: 0
[2015-05-03 19:12:37] EDIT yorock/views/default/philosophy.html: 0
[2015-05-03 19:13:14] EDIT yorock/views/default/sciefi.html: 0
[2015-05-03 19:13:45] EDIT yorock/views/default/history.html: 0
[2015-05-03 19:14:30] EDIT yorock/views/default/history.html: 0
[2015-05-03 19:14:46] EDIT yorock/views/default/phones.html: 0
[2015-05-03 19:15:20] EDIT yorock/views/default/fiction.html: 2
[2015-05-03 19:15:45] EDIT yorock/views/default/fiction.html: 0
[2015-05-03 19:17:54] EDIT yorock/views/default/fiction.html: -1
[2015-05-03 19:18:05] EDIT yorock/views/default/index.html: 0
[2015-05-03 19:18:52] EDIT yorock/views/default/fiction.html: 0
[2015-05-03 19:20:20] EDIT yorock/views/default/fiction.html: 0
[2015-05-03 19:20:32] EDIT yorock/views/default/cart.html: 0
[2015-05-03 19:20:58] EDIT yorock/views/default/fiction.html: 0
[2015-05-03 19:21:32] EDIT yorock/views/default/phones.html: -1
[2015-05-03 19:22:33] EDIT yorock/views/default/index.html: 0
[2015-05-03 19:24:11] EDIT yorock/views/default/fiction.html: 0
[2015-05-03 19:27:01] EDIT yorock/views/default/cart.html: 0
[2015-05-03 19:27:51] EDIT yorock/views/default/cart.html: 0
[2015-05-03 19:29:06] EDIT yorock/views/default/cart.html: 0
[2015-05-03 19:31:57] EDIT yorock/views/default/ac.html: 1
[2015-05-03 19:32:17] EDIT yorock/views/default/biography.html: 1
[2015-05-03 19:32:54] EDIT yorock/views/default/furniture.html: 1
[2015-05-03 19:33:17] EDIT yorock/views/default/history.html: 1
[2015-05-03 19:33:38] EDIT yorock/views/default/ipads.html: 1
[2015-05-03 19:33:55] EDIT yorock/views/default/kidaccess.html: 1
[2015-05-03 19:34:14] EDIT yorock/views/default/kidcloth.html: 1
[2015-05-03 19:34:37] EDIT yorock/views/default/kidfoot.html: 1
[2015-05-03 19:34:55] EDIT yorock/views/default/laptops.html: 1
[2015-05-03 19:35:14] EDIT yorock/views/default/maccessories.html: 1
[2015-05-03 19:35:24] EDIT yorock/views/default/maccessories.html: 0
[2015-05-03 19:35:50] EDIT yorock/views/default/mclothing.html: 1
[2015-05-03 19:36:09] EDIT yorock/views/default/mfootwear.html: 1
[2015-05-03 19:36:24] EDIT yorock/views/default/philosophy.html: 1
[2015-05-03 19:37:00] EDIT yorock/views/default/refrigerators.html: 1
[2015-05-03 19:37:21] EDIT yorock/views/default/sciefi.html: 1
[2015-05-03 19:37:40] EDIT yorock/views/default/tablets.html: 1
[2015-05-03 19:37:56] EDIT yorock/views/default/tv.html: 1
[2015-05-03 19:38:19] EDIT yorock/views/default/waccess.html: 1
[2015-05-03 19:38:37] EDIT yorock/views/default/wcloth.html: 1
[2015-05-03 19:38:52] EDIT yorock/views/default/wfoot.html: 1
[2015-05-03 19:39:11] EDIT yorock/views/defult/refrigerators.html: 1
[2015-05-03 19:42:56] EDIT yorock/controllers/default.py: 0
[2015-05-03 19:43:22] EDIT yorock/views/default/index.html: 0
[2015-05-03 19:44:50] EDIT yorock/views/form.html: -1
[2015-05-03 19:47:57] EDIT yorock/controllers/default.py: -2
[2015-05-03 19:48:21] EDIT yorock/controllers/default.py: -2
[2015-05-03 19:48:42] EDIT yorock/views/default/func.html: 0
[2015-05-03 19:50:56] EDIT yorock/views/default/index.html: 6
[2015-05-03 19:54:32] EDIT yorock/views/default/index.html: 0
[2015-05-03 19:55:00] EDIT yorock/views/default/index.html: 0
[2015-05-03 19:55:57] EDIT yorock/controllers/default.py: 1
[2015-05-03 19:57:17] EDIT yorock/views/default/index.html: 10
[2015-05-03 19:58:11] EDIT yorock/views/default/index.html: -10
[2015-05-03 20:03:02] EDIT yorock/controllers/default.py: 0
[2015-05-03 20:08:56] EDIT yorock/controllers/default.py: 0
[2015-05-03 20:09:32] DELETE yorock/views/default/func.html: -9
[2015-05-03 20:14:51] EDIT yorock/controllers/default.py: -3
[2015-05-03 20:14:52] EDIT yorock/controllers/default.py: 0
[2015-05-03 20:16:29] EDIT yorock/views/default/index.html: 0
[2015-05-03 20:17:21] EDIT yorock/controllers/default.py: 0
[2015-05-03 20:18:00] EDIT yorock/controllers/default.py: 0
[2015-05-03 20:18:57] EDIT yorock/controllers/default.py: 0
[2015-05-03 20:20:40] EDIT yorock/views/default/index.html: 10
[2015-05-03 20:22:15] EDIT yorock/views/default/index.html: 0
[2015-05-03 20:26:25] EDIT yorock/controllers/default.py: 0
[2015-05-03 20:27:07] EDIT yorock/controllers/appadmin.py: 0
[2015-05-03 20:29:42] EDIT yorock/views/default/index.html: 0
[2015-05-03 20:31:04] EDIT yorock/models/menu.py: 1
[2015-05-03 20:35:05] EDIT yorock/controllers/appadmin.py: 1
[2015-05-03 20:36:12] EDIT yorock/controllers/appadmin.py: -1
[2015-05-03 20:36:22] EDIT yorock/controllers/appadmin.py: 0
[2015-05-03 20:36:50] EDIT yorock/views/default/index.html: -10
[2015-05-03 20:37:07] EDIT yorock/views/default/index.html: 0
[2015-05-03 20:37:31] EDIT yorock/models/menu.py: 0
[2015-05-03 20:38:11] EDIT yorock/models/menu.py: 0
[2015-05-03 20:42:02] EDIT yorock/controllers/default.py: 2
[2015-05-03 20:42:08] EDIT yorock/controllers/default.py: 0
[2015-05-03 20:45:15] EDIT yorock/views/form.html: 0
[2015-05-03 20:45:33] DELETE yorock/views/form.html: -9
[2015-05-03 22:38:09] EDIT yorock/models/db.py: 0
[2015-05-03 22:38:26] EDIT yorock/models/db.py: 0
[2015-05-03 22:43:03] EDIT yorock/views/default/fiction.html: 0
[2015-05-03 22:45:10] EDIT yorock/controllers/default.py: 0
[2015-05-03 22:46:37] EDIT yorock/models/menu.py: 1
[2015-05-03 22:46:37] EDIT yorock/models/menu.py: 0
[2015-05-03 22:47:38] EDIT yorock/models/menu.py: 0
[2015-05-03 22:53:15] EDIT yorock/controllers/default.py: 2
[2015-05-03 22:54:11] CREATE default/contact.html: 0
[2015-05-03 22:55:04] EDIT yorock/views/default/contact.html: 0
[2015-05-03 22:55:47] EDIT yorock/views/default/contact.html: 1
[2015-05-03 22:56:36] EDIT yorock/views/default/contact.html: 0
[2015-05-03 22:58:10] EDIT yorock/views/default/contact.html: 0
[2015-05-03 23:05:01] EDIT yorock/controllers/appadmin.py: 0
[2015-05-03 23:15:53] EDIT yorock/views/default/ac.html: 0
[2015-05-03 23:21:59] EDIT yorock/views/default/ac.html: 0
[2015-05-03 23:22:39] EDIT yorock/views/default/ac.html: 0
[2015-05-03 23:22:58] EDIT yorock/views/default/ac.html: 0
[2015-05-03 23:24:05] EDIT yorock/views/default/ac.html: 0
[2015-05-03 23:24:18] EDIT yorock/views/default/ac.html: 0
[2015-05-03 23:24:29] EDIT yorock/views/default/ac.html: 0
[2015-05-03 23:26:57] EDIT yorock/views/default/ac.html: 0
[2015-05-03 23:27:22] EDIT yorock/views/default/ac.html: 0
[2015-05-03 23:30:42] EDIT yorock/views/default/ac.html: 0
[2015-05-03 23:30:53] EDIT yorock/views/default/ac.html: 0
[2015-05-03 23:48:21] EDIT yorock/views/default/fiction.html: 0
[2015-05-03 23:49:47] EDIT yorock/views/default/fiction.html: 0
[2015-05-03 23:50:22] EDIT yorock/views/default/fiction.html: 0
[2015-05-03 23:50:55] EDIT yorock/views/default/fiction.html: 0
[2015-05-03 23:51:11] EDIT yorock/views/default/fiction.html: 0
[2015-05-03 23:51:22] EDIT yorock/views/default/fiction.html: 0
[2015-05-03 23:51:36] EDIT yorock/views/default/fiction.html: 0
[2015-05-03 23:52:20] EDIT yorock/views/default/fiction.html: 0
[2015-05-03 23:54:16] EDIT yorock/views/default/index.html: 0
[2015-05-03 23:54:49] EDIT yorock/views/default/index.html: 0
[2015-05-03 23:55:08] EDIT yorock/views/default/index.html: 0
[2015-05-03 23:55:25] EDIT yorock/views/default/index.html: 0
[2015-05-03 23:56:56] EDIT yorock/views/default/index.html: 0
[2015-05-03 23:57:22] EDIT yorock/views/default/index.html: 0
[2015-05-03 23:58:01] EDIT yorock/views/default/index.html: 0
[2015-05-03 23:58:03] EDIT yorock/views/default/index.html: 0
[2015-05-04 00:19:44] EDIT yorock/views/default/index.html: 0
[2015-05-04 00:24:35] EDIT yorock/views/default/index.html: 0
[2015-05-04 00:28:15] EDIT yorock/controllers/default.py: 0
[2015-05-04 00:38:28] EDIT yorock/controllers/appadmin.py: 0
[2015-05-04 01:45:11] EDIT yorock/controllers/default.py: 2
[2015-05-04 01:49:58] EDIT yorock/controllers/appadmin.py: 0
[2015-05-04 01:55:39] EDIT yorock/controllers/default.py: -2
[2015-05-04 02:03:27] EDIT yorock/controllers/default.py: 1
[2015-05-04 02:03:58] EDIT yorock/models/db.py: 0
[2015-05-04 02:04:20] EDIT yorock/controllers/appadmin.py: 0
[2015-05-04 02:06:23] EDIT yorock/controllers/appadmin.py: 2
[2015-05-04 02:06:53] EDIT yorock/controllers/appadmin.py: 0
[2015-05-04 02:07:29] EDIT yorock/controllers/appadmin.py: 0
[2015-05-04 02:08:32] EDIT yorock/controllers/appadmin.py: 0
[2015-05-04 02:21:31] EDIT yorock/controllers/appadmin.py: 0
[2015-05-04 02:38:35] EDIT yorock/controllers/appadmin.py: 0
[2015-05-04 02:41:01] EDIT yorock/controllers/appadmin.py: 1
[2015-05-04 02:52:32] EDIT yorock/controllers/appadmin.py: 0
[2015-05-04 02:53:24] EDIT yorock/models/menu.py: 1
[2015-05-04 02:53:47] EDIT yorock/models/menu.py: 0
[2015-05-04 02:54:34] EDIT yorock/controllers/appadmin.py: 1
[2015-05-04 02:55:08] EDIT yorock/controllers/appadmin.py: 0
[2015-05-04 02:59:04] EDIT yorock/controllers/default.py: 0
[2015-05-04 03:31:35] EDIT yorock/controllers/default.py: 1
[2015-05-04 04:42:29] EDIT yorock/controllers/default.py: 0
[2015-05-04 04:42:47] CREATE default/buy.html: 0
[2015-05-04 04:43:00] EDIT yorock/views/default/buy.html: 0
[2015-05-04 05:06:02] EDIT yorock/controllers/default.py: 47
[2015-05-04 05:08:44] CREATE default/sale.html: 0
[2015-05-04 05:09:56] EDIT yorock/views/default/sale.html: 2
[2015-05-04 05:11:08] EDIT yorock/controllers/default.py: 0
[2015-05-04 05:11:48] EDIT yorock/models/menu.py: 0
[2015-05-04 05:18:57] EDIT yorock/controllers/default.py: 0
[2015-05-04 05:19:08] EDIT yorock/controllers/default.py: 0
[2015-05-04 05:19:58] EDIT yorock/controllers/default.py: 0
[2015-05-04 05:23:56] EDIT yorock/controllers/default.py: 0
[2015-05-04 05:31:13] EDIT yorock/controllers/default.py: -2
[2015-05-04 11:46:07] EDIT yorock/models/db.py: 0
[2015-05-04 11:46:38] EDIT yorock/controllers/default.py: 1
[2015-05-04 11:50:27] EDIT yorock/controllers/default.py: 1
[2015-05-04 11:50:39] EDIT yorock/controllers/default.py: 0
[2015-05-04 11:55:36] EDIT yorock/controllers/default.py: 6
[2015-05-04 11:57:02] EDIT yorock/views/default/sale.html: 0
[2015-05-04 11:58:47] EDIT yorock/controllers/default.py: -1
[2015-05-04 12:02:49] EDIT yorock/controllers/default.py: 10
[2015-05-04 12:03:00] EDIT yorock/controllers/default.py: 0
[2015-05-04 12:05:47] EDIT yorock/models/db.py: 4
[2015-05-04 12:06:00] EDIT yorock/models/db.py: 1
[2015-05-04 12:06:01] EDIT yorock/models/db.py: 0
[2015-05-04 12:06:14] EDIT yorock/models/db.py: 0
[2015-05-04 12:06:25] EDIT yorock/controllers/default.py: 0
[2015-05-04 12:06:41] EDIT yorock/controllers/default.py: 0
[2015-05-04 12:07:37] EDIT yorock/models/menu.py: 1
[2015-05-04 12:08:02] EDIT yorock/views/default/buy.html: 0
[2015-05-04 12:08:22] EDIT yorock/controllers/default.py: 0
[2015-05-04 12:09:49] EDIT yorock/controllers/default.py: -23
[2015-05-04 12:10:52] EDIT yorock/controllers/default.py: 0
[2015-05-04 12:12:04] EDIT yorock/models/db.py: 0
[2015-05-04 12:12:41] EDIT yorock/models/db.py: 0
[2015-05-04 12:13:43] EDIT yorock/models/db.py: 0
[2015-05-04 12:14:31] EDIT yorock/controllers/default.py: 0
[2015-05-04 12:15:17] EDIT yorock/controllers/default.py: 0
[2015-05-04 12:15:51] EDIT yorock/models/db.py: 0
[2015-05-04 12:16:34] EDIT yorock/models/db.py: 0
[2015-05-04 12:16:44] EDIT yorock/views/default/buy.html: 0
[2015-05-04 12:17:36] EDIT yorock/controllers/default.py: 0
[2015-05-04 12:19:07] EDIT yorock/controllers/default.py: -3
[2015-05-04 12:19:56] EDIT yorock/controllers/default.py: 0
[2015-05-04 12:20:16] EDIT yorock/views/default/buy.html: 0
[2015-05-04 12:20:27] EDIT yorock/views/default/sale.html: 0
[2015-05-04 12:22:20] EDIT yorock/controllers/default.py: 0
[2015-05-04 12:22:35] EDIT yorock/models/db.py: 0
[2015-05-04 12:24:23] EDIT yorock/models/db.py: 0
[2015-05-04 12:24:44] EDIT yorock/controllers/default.py: 0
[2015-05-04 12:25:18] EDIT yorock/controllers/default.py: 0
[2015-05-04 12:25:48] EDIT yorock/models/db.py: 0
[2015-05-04 12:28:30] EDIT yorock/models/db.py: 0
[2015-05-04 13:11:21] EDIT yorock/controllers/default.py: 0
[2015-05-04 13:40:49] EDIT yorock/views/default/fiction.html: 0
[2015-05-04 13:47:16] EDIT yorock/controllers/default.py: 0
[2015-05-04 14:05:57] EDIT yorock/views/default/contact.html: -1
[2015-05-04 14:08:16] EDIT yorock/models/db.py: 5
[2015-05-04 14:14:30] EDIT yorock/controllers/default.py: 25
[2015-05-04 14:22:06] EDIT yorock/controllers/default.py: 0
[2015-05-04 14:26:37] EDIT yorock/controllers/default.py: -17
[2015-05-04 14:27:13] EDIT yorock/controllers/default.py: 0
[2015-05-04 14:28:59] EDIT yorock/views/default/contact.html: 2
[2015-05-04 14:30:54] EDIT yorock/controllers/default.py: 0
[2015-05-04 14:31:08] EDIT yorock/views/default/buy.html: 0
[2015-05-04 14:31:37] CREATE default/addres.html: 0
[2015-05-04 14:33:20] EDIT yorock/views/default/addres.html: 0
[2015-05-04 14:35:54] EDIT yorock/controllers/default.py: 1
[2015-05-04 14:36:24] EDIT yorock/views/default/contact.html: -1
[2015-05-04 14:40:32] EDIT yorock/controllers/default.py: -1
[2015-05-04 14:41:10] EDIT yorock/controllers/default.py: 0
[2015-05-04 14:41:46] EDIT yorock/views/default/contact.html: 0
[2015-05-04 14:48:29] EDIT yorock/controllers/default.py: 0
[2015-05-04 15:26:30] EDIT yorock/controllers/default.py: 4
[2015-05-04 15:27:36] EDIT yorock/controllers/default.py: 0
[2015-05-04 15:27:52] EDIT yorock/controllers/default.py: 0
[2015-05-04 15:29:05] EDIT yorock/controllers/default.py: 0
[2015-05-04 15:29:27] EDIT yorock/controllers/default.py: 0
[2015-05-04 15:29:55] EDIT yorock/controllers/default.py: 0
[2015-05-04 15:30:36] EDIT yorock/controllers/default.py: 0
[2015-05-04 15:31:03] EDIT yorock/controllers/default.py: 1
[2015-05-04 15:31:03] EDIT yorock/controllers/default.py: 0
[2015-05-04 15:31:21] EDIT yorock/controllers/default.py: 0
[2015-05-04 15:32:20] EDIT yorock/controllers/default.py: 0
[2015-05-04 15:32:20] EDIT yorock/controllers/default.py: 0
[2015-05-04 15:32:54] EDIT yorock/controllers/default.py: 0
[2015-05-04 15:33:44] EDIT yorock/controllers/default.py: 0
[2015-05-04 15:56:49] EDIT yorock/controllers/default.py: 4
[2015-05-04 15:57:00] EDIT yorock/controllers/default.py: 0
[2015-05-04 15:57:03] EDIT yorock/controllers/default.py: 0
[2015-05-04 15:57:05] EDIT yorock/controllers/default.py: 0
[2015-05-04 15:57:36] EDIT yorock/controllers/default.py: 0
[2015-05-04 15:57:37] EDIT yorock/controllers/default.py: 0
[2015-05-04 15:57:37] EDIT yorock/controllers/default.py: 0
[2015-05-04 15:57:38] EDIT yorock/controllers/default.py: 0
[2015-05-04 15:57:38] EDIT yorock/controllers/default.py: 0
[2015-05-04 15:57:38] EDIT yorock/controllers/default.py: 0
[2015-05-04 15:57:38] EDIT yorock/controllers/default.py: 0
[2015-05-04 15:57:38] EDIT yorock/controllers/default.py: 0
[2015-05-04 15:57:38] EDIT yorock/controllers/default.py: 0
[2015-05-04 15:59:24] EDIT yorock/controllers/default.py: 3
[2015-05-04 15:59:37] EDIT yorock/controllers/default.py: -1
[2015-05-04 16:00:19] EDIT yorock/controllers/default.py: 0
[2015-05-04 16:00:47] EDIT yorock/controllers/default.py: 0
[2015-05-04 16:01:06] CREATE default/search.html: 0
[2015-05-04 16:03:21] EDIT yorock/views/default/search.html: 3
[2015-05-04 16:03:43] CREATE default/display.html: 0
[2015-05-04 16:04:28] EDIT yorock/views/default/display.html: 1
[2015-05-04 16:06:12] EDIT yorock/controllers/default.py: 0
[2015-05-04 16:06:40] EDIT yorock/views/default/display.html: 1
[2015-05-04 16:07:58] EDIT yorock/models/menu.py: 1
[2015-05-04 16:08:43] EDIT yorock/controllers/default.py: 0
[2015-05-04 16:09:03] EDIT yorock/views/default/display.html: 0
[2015-05-04 16:09:55] EDIT yorock/views/default/display.html: 10
[2015-05-04 16:13:35] EDIT yorock/controllers/default.py: 0
[2015-05-04 16:14:38] EDIT yorock/views/default/display.html: -1
[2015-05-04 16:15:07] EDIT yorock/views/default/display.html: -9
[2015-05-04 16:17:20] EDIT yorock/controllers/default.py: 0
[2015-05-04 16:17:43] EDIT yorock/controllers/default.py: 0
[2015-05-04 16:18:27] EDIT yorock/controllers/default.py: 0
[2015-05-04 16:18:37] EDIT yorock/controllers/default.py: 1
[2015-05-04 16:18:40] EDIT yorock/controllers/default.py: 0
[2015-05-04 16:23:07] EDIT yorock/controllers/default.py: 0
[2015-05-04 16:23:43] EDIT yorock/controllers/default.py: 0
[2015-05-04 16:26:49] EDIT yorock/controllers/default.py: 0
[2015-05-04 16:28:13] EDIT yorock/controllers/default.py: 0
[2015-05-04 16:29:12] EDIT yorock/controllers/default.py: -1
[2015-05-04 16:29:59] EDIT yorock/views/default/display.html: 9
[2015-05-04 16:30:44] EDIT yorock/views/default/display.html: -1
[2015-05-04 16:31:43] EDIT yorock/views/default/display.html: 0
[2015-05-04 16:47:45] EDIT yorock/views/default/display.html: 0
[2015-05-04 16:48:19] EDIT yorock/views/default/display.html: 0
[2015-05-04 16:53:22] EDIT yorock/models/menu.py: 0
[2015-05-04 16:53:29] EDIT yorock/models/menu.py: 0
