timestamp: 2015-04-05T02:06:50.395949
CREATE TABLE auth_user(
    id INTEGER PRIMARY KEY AUTOINCREMENT,
    first_name CHAR(128),
    last_name CHAR(128),
    email CHAR(512),
    password CHAR(512),
    registration_key CHAR(512),
    reset_password_key CHAR(512),
    registration_id CHAR(512)
);
success!
timestamp: 2015-04-05T02:06:50.520299
CREATE TABLE auth_group(
    id INTEGER PRIMARY KEY AUTOINCREMENT,
    role CHAR(512),
    description TEXT
);
success!
timestamp: 2015-04-05T02:06:50.620127
CREATE TABLE auth_membership(
    id INTEGER PRIMARY KEY AUTOINCREMENT,
    user_id INTEGER REFERENCES auth_user (id) ON DELETE CASCADE,
    group_id INTEGER REFERENCES auth_group (id) ON DELETE CASCADE
);
success!
timestamp: 2015-04-05T02:06:50.721816
CREATE TABLE auth_permission(
    id INTEGER PRIMARY KEY AUTOINCREMENT,
    group_id INTEGER REFERENCES auth_group (id) ON DELETE CASCADE,
    name CHAR(512),
    table_name CHAR(512),
    record_id INTEGER
);
success!
timestamp: 2015-04-05T02:06:50.824603
CREATE TABLE auth_event(
    id INTEGER PRIMARY KEY AUTOINCREMENT,
    time_stamp TIMESTAMP,
    client_ip CHAR(512),
    user_id INTEGER REFERENCES auth_user (id) ON DELETE CASCADE,
    origin CHAR(512),
    description TEXT
);
success!
timestamp: 2015-04-05T02:06:50.934834
CREATE TABLE auth_cas(
    id INTEGER PRIMARY KEY AUTOINCREMENT,
    user_id INTEGER REFERENCES auth_user (id) ON DELETE CASCADE,
    created_on TIMESTAMP,
    service CHAR(512),
    ticket CHAR(512),
    renew CHAR(1)
);
success!
timestamp: 2015-04-30T17:28:44.614898
CREATE TABLE write_review(
    id INTEGER PRIMARY KEY AUTOINCREMENT,
    body TEXT
);
success!
timestamp: 2015-05-02T15:38:37.238832
CREATE TABLE product(
    id INTEGER PRIMARY KEY AUTOINCREMENT,
    name CHAR(512) NOT NULL UNIQUE,
    price DOUBLE,
    description TEXT,
    image CHAR(512),
    is_active CHAR(1),
    created_on TIMESTAMP,
    created_by INTEGER REFERENCES auth_user (id) ON DELETE CASCADE,
    modified_on TIMESTAMP,
    modified_by INTEGER REFERENCES auth_user (id) ON DELETE CASCADE
);
success!
timestamp: 2015-05-02T15:38:37.403548
CREATE TABLE product_archive(
    current_record INTEGER REFERENCES product (id) ON DELETE CASCADE,
    id INTEGER PRIMARY KEY AUTOINCREMENT,
    name CHAR(512) NOT NULL,
    price DOUBLE,
    description TEXT,
    image CHAR(512),
    is_active CHAR(1),
    created_on TIMESTAMP,
    created_by INTEGER REFERENCES auth_user (id) ON DELETE CASCADE,
    modified_on TIMESTAMP,
    modified_by INTEGER REFERENCES auth_user (id) ON DELETE CASCADE
);
success!
success!
success!
success!
success!
success!
success!
success!
success!
success!
success!
success!
success!
success!
success!
success!
success!
success!
success!
success!
success!
success!
success!
success!
success!
success!
success!
success!
success!
success!
success!
success!
success!
success!
success!
success!
success!
success!
success!
success!
success!
success!
success!
success!
success!
success!
success!
success!
success!
timestamp: 2015-05-02T16:09:47.022221
CREATE TABLE phones(
    id INTEGER PRIMARY KEY AUTOINCREMENT,
    name CHAR(512) UNIQUE,
    price INTEGER,
    description TEXT,
    image CHAR(512)
);
success!
success!
success!
success!
success!
success!
success!
success!
success!
success!
success!
success!
success!
success!
success!
success!
success!
success!
success!
success!
success!
success!
success!
success!
success!
success!
success!
success!
success!
success!
success!
success!
success!
success!
success!
success!
success!
success!
success!
success!
success!
success!
success!
success!
success!
success!
success!
success!
success!
success!
success!
success!
success!
success!
success!
success!
success!
success!
success!
success!
success!
success!
success!
success!
success!
success!
success!
success!
success!
success!
success!
success!
success!
success!
success!
success!
success!
success!
success!
success!
success!
success!
success!
success!
success!
success!
success!
success!
success!
success!
success!
success!
success!
success!
success!
success!
success!
success!
success!
success!
success!
success!
success!
success!
success!
success!
success!
success!
success!
success!
success!
success!
success!
success!
success!
success!
success!
success!
success!
success!
success!
success!
success!
success!
success!
success!
success!
success!
success!
success!
success!
success!
success!
success!
success!
success!
success!
success!
success!
success!
success!
success!
success!
success!
success!
success!
success!
success!
success!
success!
success!
success!
success!
success!
success!
success!
success!
success!
success!
success!
success!
success!
success!
success!
success!
success!
success!
success!
success!
success!
success!
success!
success!
success!
success!
success!
success!
success!
success!
success!
success!
success!
success!
success!
success!
success!
success!
success!
success!
success!
success!
success!
success!
success!
success!
success!
success!
success!
success!
success!
success!
success!
success!
success!
success!
success!
success!
success!
success!
success!
success!
success!
success!
success!
success!
success!
success!
success!
success!
success!
success!
success!
success!
success!
success!
success!
success!
success!
success!
success!
success!
success!
success!
success!
success!
success!
success!
success!
success!
success!
success!
success!
success!
success!
success!
success!
success!
success!
success!
success!
success!
success!
success!
success!
success!
success!
success!
success!
success!
success!
success!
success!
success!
success!
success!
success!
success!
success!
success!
success!
success!
success!
success!
success!
success!
success!
success!
success!
success!
success!
success!
success!
success!
success!
success!
success!
success!
success!
success!
success!
success!
success!
success!
success!
success!
success!
success!
success!
success!
success!
success!
success!
success!
success!
success!
success!
success!
success!
success!
success!
success!
success!
success!
success!
success!
success!
success!
success!
success!
success!
success!
success!
success!
success!
success!
success!
success!
success!
success!
success!
success!
success!
success!
success!
success!
success!
success!
success!
success!
success!
success!
success!
success!
success!
success!
success!
success!
success!
success!
success!
success!
success!
success!
success!
success!
success!
success!
success!
success!
success!
success!
success!
success!
success!
success!
success!
success!
success!
success!
success!
success!
success!
success!
success!
success!
success!
success!
success!
success!
success!
success!
success!
success!
success!
success!
success!
success!
success!
success!
success!
success!
success!
success!
success!
success!
success!
success!
success!
success!
success!
success!
success!
success!
success!
success!
success!
success!
success!
success!
success!
success!
success!
success!
success!
success!
success!
success!
success!
success!
success!
success!
success!
success!
success!
success!
success!
success!
success!
success!
success!
success!
success!
success!
success!
success!
success!
success!
success!
success!
success!
success!
success!
success!
success!
success!
success!
success!
success!
success!
success!
success!
success!
success!
success!
success!
success!
success!
success!
success!
success!
success!
success!
success!
success!
success!
success!
success!
success!
success!
success!
success!
success!
success!
success!
success!
success!
success!
success!
success!
success!
success!
success!
success!
success!
success!
success!
success!
success!
success!
success!
success!
success!
success!
success!
success!
success!
success!
success!
success!
success!
success!
success!
success!
success!
success!
success!
success!
success!
success!
success!
success!
success!
success!
success!
success!
success!
success!
success!
success!
success!
success!
success!
success!
success!
success!
success!
success!
success!
success!
success!
success!
success!
success!
success!
success!
success!
success!
success!
success!
timestamp: 2015-05-02T19:53:24.849908
CREATE TABLE laptops(
    id INTEGER PRIMARY KEY AUTOINCREMENT,
    name CHAR(512) UNIQUE,
    price INTEGER,
    description TEXT,
    image CHAR(512)
);
success!
timestamp: 2015-05-02T19:53:25.026771
CREATE TABLE ipads(
    id INTEGER PRIMARY KEY AUTOINCREMENT,
    name CHAR(512) UNIQUE,
    price INTEGER,
    description TEXT,
    image CHAR(512)
);
success!
timestamp: 2015-05-02T19:53:25.160275
CREATE TABLE tablets(
    id INTEGER PRIMARY KEY AUTOINCREMENT,
    name CHAR(512) UNIQUE,
    price INTEGER,
    description TEXT,
    image CHAR(512)
);
success!
success!
success!
success!
success!
success!
success!
success!
success!
success!
success!
success!
success!
success!
success!
success!
success!
success!
success!
success!
success!
success!
success!
success!
success!
success!
success!
success!
success!
success!
success!
success!
success!
success!
success!
success!
success!
success!
success!
success!
success!
success!
success!
success!
success!
success!
success!
success!
success!
success!
success!
success!
success!
success!
success!
success!
success!
success!
success!
success!
success!
success!
success!
success!
success!
success!
success!
success!
success!
success!
success!
success!
success!
success!
success!
success!
success!
success!
success!
success!
success!
timestamp: 2015-05-02T20:21:38.511051
CREATE TABLE fiction(
    id INTEGER PRIMARY KEY AUTOINCREMENT,
    name CHAR(512) UNIQUE,
    author CHAR(512),
    price INTEGER,
    image CHAR(512)
);
success!
timestamp: 2015-05-02T20:21:38.623195
CREATE TABLE philosophy(
    id INTEGER PRIMARY KEY AUTOINCREMENT,
    name CHAR(512) UNIQUE,
    author CHAR(512),
    price INTEGER,
    image CHAR(512)
);
success!
timestamp: 2015-05-02T20:21:38.711559
CREATE TABLE sciefi(
    id INTEGER PRIMARY KEY AUTOINCREMENT,
    name CHAR(512) UNIQUE,
    author CHAR(512),
    price INTEGER,
    image CHAR(512)
);
success!
timestamp: 2015-05-02T20:21:38.802241
CREATE TABLE biography(
    id INTEGER PRIMARY KEY AUTOINCREMENT,
    name CHAR(512) UNIQUE,
    author CHAR(512),
    price INTEGER,
    image CHAR(512)
);
success!
timestamp: 2015-05-02T20:21:38.914022
CREATE TABLE history(
    id INTEGER PRIMARY KEY AUTOINCREMENT,
    name CHAR(512) UNIQUE,
    author CHAR(512),
    price INTEGER,
    image CHAR(512)
);
success!
success!
success!
success!
success!
success!
success!
success!
success!
success!
success!
success!
success!
success!
success!
success!
success!
success!
success!
success!
success!
success!
success!
success!
success!
success!
success!
success!
success!
success!
success!
success!
success!
success!
success!
success!
success!
success!
success!
success!
success!
success!
success!
success!
success!
success!
success!
success!
success!
success!
success!
success!
success!
success!
success!
success!
success!
success!
success!
success!
success!
success!
success!
success!
success!
success!
success!
success!
success!
success!
success!
success!
success!
success!
success!
success!
success!
success!
success!
success!
success!
success!
success!
success!
success!
success!
success!
success!
timestamp: 2015-05-02T22:39:39.983873
ALTER TABLE fiction ADD description TEXT;
success!
timestamp: 2015-05-02T22:39:40.082303
ALTER TABLE philosophy ADD description TEXT;
success!
timestamp: 2015-05-02T22:39:40.200529
ALTER TABLE sciefi ADD description TEXT;
success!
timestamp: 2015-05-02T22:39:40.307060
ALTER TABLE biography ADD description TEXT;
success!
timestamp: 2015-05-02T22:39:40.416510
ALTER TABLE history ADD description TEXT;
success!
success!
success!
success!
success!
success!
success!
success!
success!
success!
success!
success!
success!
success!
success!
success!
success!
success!
success!
success!
success!
success!
success!
success!
success!
success!
success!
success!
success!
success!
success!
success!
success!
success!
success!
success!
success!
success!
timestamp: 2015-05-02T23:03:17.161741
CREATE TABLE clothing(
    id INTEGER PRIMARY KEY AUTOINCREMENT,
    name CHAR(512) UNIQUE,
    price INTEGER,
    description TEXT,
    image CHAR(512)
);
success!
timestamp: 2015-05-02T23:03:17.265726
CREATE TABLE footwear(
    id INTEGER PRIMARY KEY AUTOINCREMENT,
    name CHAR(512) UNIQUE,
    price INTEGER,
    description TEXT,
    image CHAR(512)
);
success!
timestamp: 2015-05-02T23:03:17.391916
CREATE TABLE accessories(
    id INTEGER PRIMARY KEY AUTOINCREMENT,
    name CHAR(512) UNIQUE,
    price INTEGER,
    description TEXT,
    image CHAR(512)
);
success!
timestamp: 2015-05-02T23:03:17.491850
CREATE TABLE Clothing(
    id INTEGER PRIMARY KEY AUTOINCREMENT,
    name CHAR(512) UNIQUE,
    price INTEGER,
    description TEXT,
    image CHAR(512)
);
success!
timestamp: 2015-05-02T23:04:17.055865
CREATE TABLE Clothing(
    id INTEGER PRIMARY KEY AUTOINCREMENT,
    name CHAR(512) UNIQUE,
    price INTEGER,
    description TEXT,
    image CHAR(512)
);
success!
timestamp: 2015-05-02T23:04:52.687727
CREATE TABLE Clothing(
    id INTEGER PRIMARY KEY AUTOINCREMENT,
    name CHAR(512) UNIQUE,
    price INTEGER,
    description TEXT,
    image CHAR(512)
);
success!
timestamp: 2015-05-02T23:06:14.668181
CREATE TABLE Clothing(
    id INTEGER PRIMARY KEY AUTOINCREMENT,
    name CHAR(512) UNIQUE,
    price INTEGER,
    description TEXT,
    image CHAR(512)
);
success!
timestamp: 2015-05-02T23:06:21.704616
CREATE TABLE Clothing(
    id INTEGER PRIMARY KEY AUTOINCREMENT,
    name CHAR(512) UNIQUE,
    price INTEGER,
    description TEXT,
    image CHAR(512)
);
success!
timestamp: 2015-05-02T23:06:37.782015
CREATE TABLE Clothing(
    id INTEGER PRIMARY KEY AUTOINCREMENT,
    name CHAR(512) UNIQUE,
    price INTEGER,
    description TEXT,
    image CHAR(512)
);
success!
timestamp: 2015-05-02T23:07:50.825335
CREATE TABLE Clothing(
    id INTEGER PRIMARY KEY AUTOINCREMENT,
    name CHAR(512) UNIQUE,
    price INTEGER,
    description TEXT,
    image CHAR(512)
);
success!
timestamp: 2015-05-02T23:08:23.199518
CREATE TABLE Clothing(
    id INTEGER PRIMARY KEY AUTOINCREMENT,
    name CHAR(512) UNIQUE,
    price INTEGER,
    description TEXT,
    image CHAR(512)
);
success!
timestamp: 2015-05-02T23:09:24.205113
CREATE TABLE Clothing(
    id INTEGER PRIMARY KEY AUTOINCREMENT,
    name CHAR(512) UNIQUE,
    price INTEGER,
    description TEXT,
    image CHAR(512)
);
success!
timestamp: 2015-05-02T23:09:37.239525
CREATE TABLE Clothing(
    id INTEGER PRIMARY KEY AUTOINCREMENT,
    name CHAR(512) UNIQUE,
    price INTEGER,
    description TEXT,
    image CHAR(512)
);
success!
timestamp: 2015-05-02T23:09:46.245790
CREATE TABLE Clothing(
    id INTEGER PRIMARY KEY AUTOINCREMENT,
    name CHAR(512) UNIQUE,
    price INTEGER,
    description TEXT,
    image CHAR(512)
);
success!
timestamp: 2015-05-02T23:10:48.815677
CREATE TABLE Clothing(
    id INTEGER PRIMARY KEY AUTOINCREMENT,
    name CHAR(512) UNIQUE,
    price INTEGER,
    description TEXT,
    image CHAR(512)
);
success!
timestamp: 2015-05-02T23:11:44.454452
CREATE TABLE Clothing(
    id INTEGER PRIMARY KEY AUTOINCREMENT,
    name CHAR(512) UNIQUE,
    price INTEGER,
    description TEXT,
    image CHAR(512)
);
success!
timestamp: 2015-05-02T23:12:44.429750
CREATE TABLE Clothing(
    id INTEGER PRIMARY KEY AUTOINCREMENT,
    name CHAR(512) UNIQUE,
    price INTEGER,
    description TEXT,
    image CHAR(512)
);
success!
timestamp: 2015-05-02T23:13:08.390456
CREATE TABLE Clothing(
    id INTEGER PRIMARY KEY AUTOINCREMENT,
    name CHAR(512) UNIQUE,
    price INTEGER,
    description TEXT,
    image CHAR(512)
);
success!
timestamp: 2015-05-02T23:13:53.973773
CREATE TABLE Clothing(
    id INTEGER PRIMARY KEY AUTOINCREMENT,
    name CHAR(512) UNIQUE,
    price INTEGER,
    description TEXT,
    image CHAR(512)
);
success!
timestamp: 2015-05-02T23:14:13.261055
CREATE TABLE Clothing(
    id INTEGER PRIMARY KEY AUTOINCREMENT,
    name CHAR(512) UNIQUE,
    price INTEGER,
    description TEXT,
    image CHAR(512)
);
success!
timestamp: 2015-05-02T23:15:31.632197
CREATE TABLE Clothing(
    id INTEGER PRIMARY KEY AUTOINCREMENT,
    name CHAR(512) UNIQUE,
    price INTEGER,
    description TEXT,
    image CHAR(512)
);
success!
timestamp: 2015-05-02T23:16:17.742868
CREATE TABLE Clothing(
    id INTEGER PRIMARY KEY AUTOINCREMENT,
    name CHAR(512) UNIQUE,
    price INTEGER,
    description TEXT,
    image CHAR(512)
);
success!
timestamp: 2015-05-02T23:17:10.729720
CREATE TABLE Clothing(
    id INTEGER PRIMARY KEY AUTOINCREMENT,
    name CHAR(512) UNIQUE,
    price INTEGER,
    description TEXT,
    image CHAR(512)
);
success!
timestamp: 2015-05-02T23:17:57.446876
CREATE TABLE Clothing(
    id INTEGER PRIMARY KEY AUTOINCREMENT,
    name CHAR(512) UNIQUE,
    price INTEGER,
    description TEXT,
    image CHAR(512)
);
success!
timestamp: 2015-05-02T23:18:58.589299
CREATE TABLE Clothing(
    id INTEGER PRIMARY KEY AUTOINCREMENT,
    name CHAR(512) UNIQUE,
    price INTEGER,
    description TEXT,
    image CHAR(512)
);
success!
timestamp: 2015-05-02T23:19:14.624077
CREATE TABLE Clothing(
    id INTEGER PRIMARY KEY AUTOINCREMENT,
    name CHAR(512) UNIQUE,
    price INTEGER,
    description TEXT,
    image CHAR(512)
);
success!
timestamp: 2015-05-02T23:20:14.128422
CREATE TABLE Clothing(
    id INTEGER PRIMARY KEY AUTOINCREMENT,
    name CHAR(512) UNIQUE,
    price INTEGER,
    description TEXT,
    image CHAR(512)
);
success!
timestamp: 2015-05-02T23:20:14.394128
CREATE TABLE Clothing(
    id INTEGER PRIMARY KEY AUTOINCREMENT,
    name CHAR(512) UNIQUE,
    price INTEGER,
    description TEXT,
    image CHAR(512)
);
success!
timestamp: 2015-05-02T23:22:09.192646
CREATE TABLE Clothing(
    id INTEGER PRIMARY KEY AUTOINCREMENT,
    name CHAR(512) UNIQUE,
    price INTEGER,
    description TEXT,
    image CHAR(512)
);
success!
timestamp: 2015-05-02T23:22:45.217259
CREATE TABLE Clothing(
    id INTEGER PRIMARY KEY AUTOINCREMENT,
    name CHAR(512) UNIQUE,
    price INTEGER,
    description TEXT,
    image CHAR(512)
);
success!
timestamp: 2015-05-02T23:23:12.814528
CREATE TABLE Clothing(
    id INTEGER PRIMARY KEY AUTOINCREMENT,
    name CHAR(512) UNIQUE,
    price INTEGER,
    description TEXT,
    image CHAR(512)
);
success!
timestamp: 2015-05-02T23:23:35.132554
CREATE TABLE Clothing(
    id INTEGER PRIMARY KEY AUTOINCREMENT,
    name CHAR(512) UNIQUE,
    price INTEGER,
    description TEXT,
    image CHAR(512)
);
success!
timestamp: 2015-05-02T23:24:34.491176
CREATE TABLE Clothing(
    id INTEGER PRIMARY KEY AUTOINCREMENT,
    name CHAR(512) UNIQUE,
    price INTEGER,
    description TEXT,
    image CHAR(512)
);
success!
timestamp: 2015-05-02T23:25:11.401585
CREATE TABLE Clothing(
    id INTEGER PRIMARY KEY AUTOINCREMENT,
    name CHAR(512) UNIQUE,
    price INTEGER,
    description TEXT,
    image CHAR(512)
);
success!
timestamp: 2015-05-02T23:25:34.879125
CREATE TABLE Clothing(
    id INTEGER PRIMARY KEY AUTOINCREMENT,
    name CHAR(512) UNIQUE,
    price INTEGER,
    description TEXT,
    image CHAR(512)
);
success!
timestamp: 2015-05-02T23:26:36.411660
CREATE TABLE Clothing(
    id INTEGER PRIMARY KEY AUTOINCREMENT,
    name CHAR(512) UNIQUE,
    price INTEGER,
    description TEXT,
    image CHAR(512)
);
success!
timestamp: 2015-05-02T23:27:36.267400
CREATE TABLE Clothing(
    id INTEGER PRIMARY KEY AUTOINCREMENT,
    name CHAR(512) UNIQUE,
    price INTEGER,
    description TEXT,
    image CHAR(512)
);
success!
timestamp: 2015-05-02T23:27:42.272701
CREATE TABLE wClothing(
    id INTEGER PRIMARY KEY AUTOINCREMENT,
    name CHAR(512) UNIQUE,
    price INTEGER,
    description TEXT,
    image CHAR(512)
);
success!
timestamp: 2015-05-02T23:27:42.405989
CREATE TABLE wFootwear(
    id INTEGER PRIMARY KEY AUTOINCREMENT,
    name CHAR(512) UNIQUE,
    price INTEGER,
    description TEXT,
    image CHAR(512)
);
success!
timestamp: 2015-05-02T23:27:42.522211
CREATE TABLE wAccessories(
    id INTEGER PRIMARY KEY AUTOINCREMENT,
    name CHAR(512) UNIQUE,
    price INTEGER,
    description TEXT,
    image CHAR(512)
);
success!
success!
success!
success!
success!
success!
success!
success!
success!
success!
success!
success!
success!
success!
success!
success!
success!
success!
success!
success!
success!
success!
success!
success!
success!
success!
success!
success!
success!
success!
timestamp: 2015-05-02T23:36:57.955835
CREATE TABLE kClothing(
    id INTEGER PRIMARY KEY AUTOINCREMENT,
    name CHAR(512) UNIQUE,
    price INTEGER,
    description TEXT,
    image CHAR(512)
);
success!
timestamp: 2015-05-02T23:36:58.091694
CREATE TABLE kFootwear(
    id INTEGER PRIMARY KEY AUTOINCREMENT,
    name CHAR(512) UNIQUE,
    price INTEGER,
    description TEXT,
    image CHAR(512)
);
success!
timestamp: 2015-05-02T23:36:58.202843
CREATE TABLE kAccessories(
    id INTEGER PRIMARY KEY AUTOINCREMENT,
    name CHAR(512) UNIQUE,
    price INTEGER,
    description TEXT,
    image CHAR(512)
);
success!
success!
success!
success!
success!
success!
success!
success!
success!
success!
success!
success!
success!
success!
success!
success!
success!
success!
success!
success!
success!
success!
success!
success!
success!
success!
success!
success!
success!
success!
timestamp: 2015-05-02T23:48:11.886541
CREATE TABLE wclothing(
    id INTEGER PRIMARY KEY AUTOINCREMENT,
    name CHAR(512) UNIQUE,
    price INTEGER,
    description TEXT,
    image CHAR(512)
);
success!
timestamp: 2015-05-02T23:49:15.761747
CREATE TABLE mclothing(
    id INTEGER PRIMARY KEY AUTOINCREMENT,
    name CHAR(512) UNIQUE,
    price INTEGER,
    description TEXT,
    image CHAR(512)
);
success!
timestamp: 2015-05-02T23:49:15.927860
CREATE TABLE mfootwear(
    id INTEGER PRIMARY KEY AUTOINCREMENT,
    name CHAR(512) UNIQUE,
    price INTEGER,
    description TEXT,
    image CHAR(512)
);
success!
timestamp: 2015-05-02T23:49:16.052063
CREATE TABLE maccessories(
    id INTEGER PRIMARY KEY AUTOINCREMENT,
    name CHAR(512) UNIQUE,
    price INTEGER,
    description TEXT,
    image CHAR(512)
);
success!
timestamp: 2015-05-02T23:49:16.150319
CREATE TABLE wclothing(
    id INTEGER PRIMARY KEY AUTOINCREMENT,
    name CHAR(512) UNIQUE,
    price INTEGER,
    description TEXT,
    image CHAR(512)
);
success!
timestamp: 2015-05-02T23:49:20.090267
CREATE TABLE wclothing(
    id INTEGER PRIMARY KEY AUTOINCREMENT,
    name CHAR(512) UNIQUE,
    price INTEGER,
    description TEXT,
    image CHAR(512)
);
success!
timestamp: 2015-05-02T23:49:24.873740
CREATE TABLE wclothing(
    id INTEGER PRIMARY KEY AUTOINCREMENT,
    name CHAR(512) UNIQUE,
    price INTEGER,
    description TEXT,
    image CHAR(512)
);
success!
timestamp: 2015-05-02T23:49:36.051350
CREATE TABLE wclothing(
    id INTEGER PRIMARY KEY AUTOINCREMENT,
    name CHAR(512) UNIQUE,
    price INTEGER,
    description TEXT,
    image CHAR(512)
);
success!
timestamp: 2015-05-02T23:50:31.896651
CREATE TABLE wclothing(
    id INTEGER PRIMARY KEY AUTOINCREMENT,
    name CHAR(512) UNIQUE,
    price INTEGER,
    description TEXT,
    image CHAR(512)
);
success!
timestamp: 2015-05-02T23:51:14.474819
CREATE TABLE wclothing(
    id INTEGER PRIMARY KEY AUTOINCREMENT,
    name CHAR(512) UNIQUE,
    price INTEGER,
    description TEXT,
    image CHAR(512)
);
success!
timestamp: 2015-05-02T23:51:36.266935
CREATE TABLE wclothing(
    id INTEGER PRIMARY KEY AUTOINCREMENT,
    name CHAR(512) UNIQUE,
    price INTEGER,
    description TEXT,
    image CHAR(512)
);
success!
timestamp: 2015-05-02T23:51:53.612092
CREATE TABLE wclothing(
    id INTEGER PRIMARY KEY AUTOINCREMENT,
    name CHAR(512) UNIQUE,
    price INTEGER,
    description TEXT,
    image CHAR(512)
);
success!
timestamp: 2015-05-02T23:52:28.184178
CREATE TABLE wclothing(
    id INTEGER PRIMARY KEY AUTOINCREMENT,
    name CHAR(512) UNIQUE,
    price INTEGER,
    description TEXT,
    image CHAR(512)
);
success!
timestamp: 2015-05-02T23:53:49.293488
CREATE TABLE wclothing(
    id INTEGER PRIMARY KEY AUTOINCREMENT,
    name CHAR(512) UNIQUE,
    price INTEGER,
    description TEXT,
    image CHAR(512)
);
success!
timestamp: 2015-05-02T23:54:58.455879
CREATE TABLE wclothing(
    id INTEGER PRIMARY KEY AUTOINCREMENT,
    name CHAR(512) UNIQUE,
    price INTEGER,
    description TEXT,
    image CHAR(512)
);
success!
timestamp: 2015-05-02T23:55:31.557484
CREATE TABLE wclothing(
    id INTEGER PRIMARY KEY AUTOINCREMENT,
    name CHAR(512) UNIQUE,
    price INTEGER,
    description TEXT,
    image CHAR(512)
);
success!
timestamp: 2015-05-02T23:55:58.215214
CREATE TABLE wclothing(
    id INTEGER PRIMARY KEY AUTOINCREMENT,
    name CHAR(512) UNIQUE,
    price INTEGER,
    description TEXT,
    image CHAR(512)
);
success!
timestamp: 2015-05-02T23:56:18.002458
CREATE TABLE wclothing(
    id INTEGER PRIMARY KEY AUTOINCREMENT,
    name CHAR(512) UNIQUE,
    price INTEGER,
    description TEXT,
    image CHAR(512)
);
success!
timestamp: 2015-05-02T23:57:40.638517
CREATE TABLE wclothing(
    id INTEGER PRIMARY KEY AUTOINCREMENT,
    name CHAR(512) UNIQUE,
    price INTEGER,
    description TEXT,
    image CHAR(512)
);
success!
timestamp: 2015-05-02T23:58:02.390849
CREATE TABLE wclothing(
    id INTEGER PRIMARY KEY AUTOINCREMENT,
    name CHAR(512) UNIQUE,
    price INTEGER,
    description TEXT,
    image CHAR(512)
);
success!
timestamp: 2015-05-02T23:58:38.245205
CREATE TABLE wclothing(
    id INTEGER PRIMARY KEY AUTOINCREMENT,
    name CHAR(512) UNIQUE,
    price INTEGER,
    description TEXT,
    image CHAR(512)
);
success!
timestamp: 2015-05-02T23:59:20.796002
CREATE TABLE wclothing(
    id INTEGER PRIMARY KEY AUTOINCREMENT,
    name CHAR(512) UNIQUE,
    price INTEGER,
    description TEXT,
    image CHAR(512)
);
success!
timestamp: 2015-05-02T23:59:23.151540
CREATE TABLE wclothing(
    id INTEGER PRIMARY KEY AUTOINCREMENT,
    name CHAR(512) UNIQUE,
    price INTEGER,
    description TEXT,
    image CHAR(512)
);
success!
timestamp: 2015-05-02T23:59:38.102873
CREATE TABLE wclothing(
    id INTEGER PRIMARY KEY AUTOINCREMENT,
    name CHAR(512) UNIQUE,
    price INTEGER,
    description TEXT,
    image CHAR(512)
);
success!
timestamp: 2015-05-02T23:59:56.181014
CREATE TABLE wclothing(
    id INTEGER PRIMARY KEY AUTOINCREMENT,
    name CHAR(512) UNIQUE,
    price INTEGER,
    description TEXT,
    image CHAR(512)
);
success!
timestamp: 2015-05-03T00:00:20.178089
CREATE TABLE wclothing(
    id INTEGER PRIMARY KEY AUTOINCREMENT,
    name CHAR(512) UNIQUE,
    price INTEGER,
    description TEXT,
    image CHAR(512)
);
success!
timestamp: 2015-05-03T00:01:56.071001
CREATE TABLE wclothing(
    id INTEGER PRIMARY KEY AUTOINCREMENT,
    name CHAR(512) UNIQUE,
    price INTEGER,
    description TEXT,
    image CHAR(512)
);
success!
timestamp: 2015-05-03T00:04:37.443155
CREATE TABLE wclothing(
    id INTEGER PRIMARY KEY AUTOINCREMENT,
    name CHAR(512) UNIQUE,
    price INTEGER,
    description TEXT,
    image CHAR(512)
);
success!
timestamp: 2015-05-03T00:05:30.627927
CREATE TABLE wclothing(
    id INTEGER PRIMARY KEY AUTOINCREMENT,
    name CHAR(512) UNIQUE,
    price INTEGER,
    description TEXT,
    image CHAR(512)
);
success!
timestamp: 2015-05-03T00:06:33.578867
CREATE TABLE wclothing(
    id INTEGER PRIMARY KEY AUTOINCREMENT,
    name CHAR(512) UNIQUE,
    price INTEGER,
    description TEXT,
    image CHAR(512)
);
success!
timestamp: 2015-05-03T00:07:31.899447
CREATE TABLE wclothing(
    id INTEGER PRIMARY KEY AUTOINCREMENT,
    name CHAR(512) UNIQUE,
    price INTEGER,
    description TEXT,
    image CHAR(512)
);
success!
timestamp: 2015-05-03T00:08:05.363394
CREATE TABLE wclothing(
    id INTEGER PRIMARY KEY AUTOINCREMENT,
    name CHAR(512) UNIQUE,
    price INTEGER,
    description TEXT,
    image CHAR(512)
);
success!
timestamp: 2015-05-03T00:08:36.750493
CREATE TABLE wclothing(
    id INTEGER PRIMARY KEY AUTOINCREMENT,
    name CHAR(512) UNIQUE,
    price INTEGER,
    description TEXT,
    image CHAR(512)
);
success!
timestamp: 2015-05-03T00:08:48.981440
CREATE TABLE wclothing(
    id INTEGER PRIMARY KEY AUTOINCREMENT,
    name CHAR(512) UNIQUE,
    price INTEGER,
    description TEXT,
    image CHAR(512)
);
success!
timestamp: 2015-05-03T00:09:24.980603
CREATE TABLE wclothing(
    id INTEGER PRIMARY KEY AUTOINCREMENT,
    name CHAR(512) UNIQUE,
    price INTEGER,
    description TEXT,
    image CHAR(512)
);
success!
timestamp: 2015-05-03T00:10:05.864023
CREATE TABLE wclothing(
    id INTEGER PRIMARY KEY AUTOINCREMENT,
    name CHAR(512) UNIQUE,
    price INTEGER,
    description TEXT,
    image CHAR(512)
);
success!
timestamp: 2015-05-03T00:10:18.976643
CREATE TABLE wclothing(
    id INTEGER PRIMARY KEY AUTOINCREMENT,
    name CHAR(512) UNIQUE,
    price INTEGER,
    description TEXT,
    image CHAR(512)
);
success!
timestamp: 2015-05-03T00:10:30.694143
CREATE TABLE wclothing(
    id INTEGER PRIMARY KEY AUTOINCREMENT,
    name CHAR(512) UNIQUE,
    price INTEGER,
    description TEXT,
    image CHAR(512)
);
success!
timestamp: 2015-05-03T00:10:44.840060
CREATE TABLE wclothing(
    id INTEGER PRIMARY KEY AUTOINCREMENT,
    name CHAR(512) UNIQUE,
    price INTEGER,
    description TEXT,
    image CHAR(512)
);
success!
timestamp: 2015-05-03T00:11:08.686555
CREATE TABLE wclothing(
    id INTEGER PRIMARY KEY AUTOINCREMENT,
    name CHAR(512) UNIQUE,
    price INTEGER,
    description TEXT,
    image CHAR(512)
);
success!
timestamp: 2015-05-03T00:11:53.594339
CREATE TABLE wclothing(
    id INTEGER PRIMARY KEY AUTOINCREMENT,
    name CHAR(512) UNIQUE,
    price INTEGER,
    description TEXT,
    image CHAR(512)
);
success!
timestamp: 2015-05-03T00:12:13.698096
CREATE TABLE wclothing(
    id INTEGER PRIMARY KEY AUTOINCREMENT,
    name CHAR(512) UNIQUE,
    price INTEGER,
    description TEXT,
    image CHAR(512)
);
success!
timestamp: 2015-05-03T00:12:33.322733
CREATE TABLE wclothing(
    id INTEGER PRIMARY KEY AUTOINCREMENT,
    name CHAR(512) UNIQUE,
    price INTEGER,
    description TEXT,
    image CHAR(512)
);
success!
timestamp: 2015-05-03T00:12:35.307881
CREATE TABLE wclothing(
    id INTEGER PRIMARY KEY AUTOINCREMENT,
    name CHAR(512) UNIQUE,
    price INTEGER,
    description TEXT,
    image CHAR(512)
);
success!
timestamp: 2015-05-03T00:12:37.887325
CREATE TABLE wclothing(
    id INTEGER PRIMARY KEY AUTOINCREMENT,
    name CHAR(512) UNIQUE,
    price INTEGER,
    description TEXT,
    image CHAR(512)
);
success!
timestamp: 2015-05-03T00:12:40.619615
CREATE TABLE wclothing(
    id INTEGER PRIMARY KEY AUTOINCREMENT,
    name CHAR(512) UNIQUE,
    price INTEGER,
    description TEXT,
    image CHAR(512)
);
success!
timestamp: 2015-05-03T00:13:14.001049
CREATE TABLE wclothing(
    id INTEGER PRIMARY KEY AUTOINCREMENT,
    name CHAR(512) UNIQUE,
    price INTEGER,
    description TEXT,
    image CHAR(512)
);
success!
timestamp: 2015-05-03T00:13:17.251262
CREATE TABLE wclothing(
    id INTEGER PRIMARY KEY AUTOINCREMENT,
    name CHAR(512) UNIQUE,
    price INTEGER,
    description TEXT,
    image CHAR(512)
);
success!
timestamp: 2015-05-03T00:14:01.446130
CREATE TABLE wclothing(
    id INTEGER PRIMARY KEY AUTOINCREMENT,
    name CHAR(512) UNIQUE,
    price INTEGER,
    description TEXT,
    image CHAR(512)
);
success!
timestamp: 2015-05-03T00:14:38.474890
CREATE TABLE wclothing(
    id INTEGER PRIMARY KEY AUTOINCREMENT,
    name CHAR(512) UNIQUE,
    price INTEGER,
    description TEXT,
    image CHAR(512)
);
success!
timestamp: 2015-05-03T00:15:04.088968
CREATE TABLE wclothing(
    id INTEGER PRIMARY KEY AUTOINCREMENT,
    name CHAR(512) UNIQUE,
    price INTEGER,
    description TEXT,
    image CHAR(512)
);
success!
timestamp: 2015-05-03T00:15:28.048416
CREATE TABLE wclothing(
    id INTEGER PRIMARY KEY AUTOINCREMENT,
    name CHAR(512) UNIQUE,
    price INTEGER,
    description TEXT,
    image CHAR(512)
);
success!
timestamp: 2015-05-03T00:15:47.698515
CREATE TABLE wclothing(
    id INTEGER PRIMARY KEY AUTOINCREMENT,
    name CHAR(512) UNIQUE,
    price INTEGER,
    description TEXT,
    image CHAR(512)
);
success!
timestamp: 2015-05-03T00:16:00.781449
CREATE TABLE wclothing(
    id INTEGER PRIMARY KEY AUTOINCREMENT,
    name CHAR(512) UNIQUE,
    price INTEGER,
    description TEXT,
    image CHAR(512)
);
success!
timestamp: 2015-05-03T00:16:16.316805
CREATE TABLE wclothing(
    id INTEGER PRIMARY KEY AUTOINCREMENT,
    name CHAR(512) UNIQUE,
    price INTEGER,
    description TEXT,
    image CHAR(512)
);
success!
timestamp: 2015-05-03T00:16:28.501229
CREATE TABLE wclothing(
    id INTEGER PRIMARY KEY AUTOINCREMENT,
    name CHAR(512) UNIQUE,
    price INTEGER,
    description TEXT,
    image CHAR(512)
);
success!
timestamp: 2015-05-03T00:16:41.304573
CREATE TABLE wclothing(
    id INTEGER PRIMARY KEY AUTOINCREMENT,
    name CHAR(512) UNIQUE,
    price INTEGER,
    description TEXT,
    image CHAR(512)
);
success!
timestamp: 2015-05-03T00:16:50.458093
CREATE TABLE wclothing(
    id INTEGER PRIMARY KEY AUTOINCREMENT,
    name CHAR(512) UNIQUE,
    price INTEGER,
    description TEXT,
    image CHAR(512)
);
success!
timestamp: 2015-05-03T00:16:55.585568
CREATE TABLE wclothing(
    id INTEGER PRIMARY KEY AUTOINCREMENT,
    name CHAR(512) UNIQUE,
    price INTEGER,
    description TEXT,
    image CHAR(512)
);
success!
timestamp: 2015-05-03T00:17:18.319771
CREATE TABLE wclothing(
    id INTEGER PRIMARY KEY AUTOINCREMENT,
    name CHAR(512) UNIQUE,
    price INTEGER,
    description TEXT,
    image CHAR(512)
);
success!
timestamp: 2015-05-03T00:17:31.614701
CREATE TABLE wclothing(
    id INTEGER PRIMARY KEY AUTOINCREMENT,
    name CHAR(512) UNIQUE,
    price INTEGER,
    description TEXT,
    image CHAR(512)
);
success!
timestamp: 2015-05-03T00:17:44.195821
CREATE TABLE wclothing(
    id INTEGER PRIMARY KEY AUTOINCREMENT,
    name CHAR(512) UNIQUE,
    price INTEGER,
    description TEXT,
    image CHAR(512)
);
success!
timestamp: 2015-05-03T00:18:11.814828
CREATE TABLE wclothing(
    id INTEGER PRIMARY KEY AUTOINCREMENT,
    name CHAR(512) UNIQUE,
    price INTEGER,
    description TEXT,
    image CHAR(512)
);
success!
timestamp: 2015-05-03T00:18:24.745440
CREATE TABLE wclothing(
    id INTEGER PRIMARY KEY AUTOINCREMENT,
    name CHAR(512) UNIQUE,
    price INTEGER,
    description TEXT,
    image CHAR(512)
);
success!
timestamp: 2015-05-03T00:18:33.775387
CREATE TABLE wclothing(
    id INTEGER PRIMARY KEY AUTOINCREMENT,
    name CHAR(512) UNIQUE,
    price INTEGER,
    description TEXT,
    image CHAR(512)
);
success!
timestamp: 2015-05-03T00:18:42.670567
CREATE TABLE wclothing(
    id INTEGER PRIMARY KEY AUTOINCREMENT,
    name CHAR(512) UNIQUE,
    price INTEGER,
    description TEXT,
    image CHAR(512)
);
success!
timestamp: 2015-05-03T00:18:57.245135
CREATE TABLE wclothing(
    id INTEGER PRIMARY KEY AUTOINCREMENT,
    name CHAR(512) UNIQUE,
    price INTEGER,
    description TEXT,
    image CHAR(512)
);
success!
timestamp: 2015-05-03T00:19:17.194976
CREATE TABLE wclothing(
    id INTEGER PRIMARY KEY AUTOINCREMENT,
    name CHAR(512) UNIQUE,
    price INTEGER,
    description TEXT,
    image CHAR(512)
);
success!
timestamp: 2015-05-03T00:19:38.423395
CREATE TABLE wclothing(
    id INTEGER PRIMARY KEY AUTOINCREMENT,
    name CHAR(512) UNIQUE,
    price INTEGER,
    description TEXT,
    image CHAR(512)
);
success!
timestamp: 2015-05-03T00:19:48.171114
CREATE TABLE wclothing(
    id INTEGER PRIMARY KEY AUTOINCREMENT,
    name CHAR(512) UNIQUE,
    price INTEGER,
    description TEXT,
    image CHAR(512)
);
success!
timestamp: 2015-05-03T00:19:55.931491
CREATE TABLE wclothing(
    id INTEGER PRIMARY KEY AUTOINCREMENT,
    name CHAR(512) UNIQUE,
    price INTEGER,
    description TEXT,
    image CHAR(512)
);
success!
timestamp: 2015-05-03T00:20:02.711268
CREATE TABLE wclothing(
    id INTEGER PRIMARY KEY AUTOINCREMENT,
    name CHAR(512) UNIQUE,
    price INTEGER,
    description TEXT,
    image CHAR(512)
);
success!
timestamp: 2015-05-03T00:20:12.449983
CREATE TABLE wclothing(
    id INTEGER PRIMARY KEY AUTOINCREMENT,
    name CHAR(512) UNIQUE,
    price INTEGER,
    description TEXT,
    image CHAR(512)
);
success!
timestamp: 2015-05-03T00:20:43.003564
CREATE TABLE wclothing(
    id INTEGER PRIMARY KEY AUTOINCREMENT,
    name CHAR(512) UNIQUE,
    price INTEGER,
    description TEXT,
    image CHAR(512)
);
success!
timestamp: 2015-05-03T00:21:12.313588
CREATE TABLE wclothing(
    id INTEGER PRIMARY KEY AUTOINCREMENT,
    name CHAR(512) UNIQUE,
    price INTEGER,
    description TEXT,
    image CHAR(512)
);
success!
timestamp: 2015-05-03T00:21:52.146787
CREATE TABLE wclothing(
    id INTEGER PRIMARY KEY AUTOINCREMENT,
    name CHAR(512) UNIQUE,
    price INTEGER,
    description TEXT,
    image CHAR(512)
);
success!
timestamp: 2015-05-03T00:23:03.947797
CREATE TABLE wclothing(
    id INTEGER PRIMARY KEY AUTOINCREMENT,
    name CHAR(512) UNIQUE,
    price INTEGER,
    description TEXT,
    image CHAR(512)
);
success!
timestamp: 2015-05-03T00:23:14.710647
CREATE TABLE wclothing(
    id INTEGER PRIMARY KEY AUTOINCREMENT,
    name CHAR(512) UNIQUE,
    price INTEGER,
    description TEXT,
    image CHAR(512)
);
success!
timestamp: 2015-05-03T00:23:21.555884
CREATE TABLE wclothing(
    id INTEGER PRIMARY KEY AUTOINCREMENT,
    name CHAR(512) UNIQUE,
    price INTEGER,
    description TEXT,
    image CHAR(512)
);
success!
timestamp: 2015-05-03T00:23:29.537716
CREATE TABLE wclothing(
    id INTEGER PRIMARY KEY AUTOINCREMENT,
    name CHAR(512) UNIQUE,
    price INTEGER,
    description TEXT,
    image CHAR(512)
);
success!
timestamp: 2015-05-03T00:23:36.430535
CREATE TABLE wclothing(
    id INTEGER PRIMARY KEY AUTOINCREMENT,
    name CHAR(512) UNIQUE,
    price INTEGER,
    description TEXT,
    image CHAR(512)
);
success!
timestamp: 2015-05-03T00:23:42.789346
CREATE TABLE wclothing(
    id INTEGER PRIMARY KEY AUTOINCREMENT,
    name CHAR(512) UNIQUE,
    price INTEGER,
    description TEXT,
    image CHAR(512)
);
success!
timestamp: 2015-05-03T00:23:51.412231
CREATE TABLE wclothing(
    id INTEGER PRIMARY KEY AUTOINCREMENT,
    name CHAR(512) UNIQUE,
    price INTEGER,
    description TEXT,
    image CHAR(512)
);
success!
timestamp: 2015-05-03T00:24:29.220305
CREATE TABLE wclothing(
    id INTEGER PRIMARY KEY AUTOINCREMENT,
    name CHAR(512) UNIQUE,
    price INTEGER,
    description TEXT,
    image CHAR(512)
);
success!
timestamp: 2015-05-03T00:24:30.810419
CREATE TABLE wclothing(
    id INTEGER PRIMARY KEY AUTOINCREMENT,
    name CHAR(512) UNIQUE,
    price INTEGER,
    description TEXT,
    image CHAR(512)
);
success!
timestamp: 2015-05-03T00:24:51.219795
CREATE TABLE wclothing(
    id INTEGER PRIMARY KEY AUTOINCREMENT,
    name CHAR(512) UNIQUE,
    price INTEGER,
    description TEXT,
    image CHAR(512)
);
success!
timestamp: 2015-05-03T00:25:51.330372
CREATE TABLE wclothing(
    id INTEGER PRIMARY KEY AUTOINCREMENT,
    name CHAR(512) UNIQUE,
    price INTEGER,
    description TEXT,
    image CHAR(512)
);
success!
timestamp: 2015-05-03T00:26:29.340469
CREATE TABLE wclothing(
    id INTEGER PRIMARY KEY AUTOINCREMENT,
    name CHAR(512) UNIQUE,
    price INTEGER,
    description TEXT,
    image CHAR(512)
);
success!
timestamp: 2015-05-03T00:27:00.781637
CREATE TABLE wclothing(
    id INTEGER PRIMARY KEY AUTOINCREMENT,
    name CHAR(512) UNIQUE,
    price INTEGER,
    description TEXT,
    image CHAR(512)
);
success!
timestamp: 2015-05-03T00:27:58.682302
CREATE TABLE wcloth(
    id INTEGER PRIMARY KEY AUTOINCREMENT,
    name CHAR(512) UNIQUE,
    price INTEGER,
    description TEXT,
    image CHAR(512)
);
success!
timestamp: 2015-05-03T00:27:58.805483
CREATE TABLE wfootwear(
    id INTEGER PRIMARY KEY AUTOINCREMENT,
    name CHAR(512) UNIQUE,
    price INTEGER,
    description TEXT,
    image CHAR(512)
);
success!
timestamp: 2015-05-03T00:28:00.692570
CREATE TABLE wfootwear(
    id INTEGER PRIMARY KEY AUTOINCREMENT,
    name CHAR(512) UNIQUE,
    price INTEGER,
    description TEXT,
    image CHAR(512)
);
success!
timestamp: 2015-05-03T00:28:37.694123
CREATE TABLE wfoot(
    id INTEGER PRIMARY KEY AUTOINCREMENT,
    name CHAR(512) UNIQUE,
    price INTEGER,
    description TEXT,
    image CHAR(512)
);
success!
timestamp: 2015-05-03T00:28:37.801285
CREATE TABLE waccess(
    id INTEGER PRIMARY KEY AUTOINCREMENT,
    name CHAR(512) UNIQUE,
    price INTEGER,
    description TEXT,
    image CHAR(512)
);
success!
timestamp: 2015-05-03T00:28:37.916147
CREATE TABLE kclothing(
    id INTEGER PRIMARY KEY AUTOINCREMENT,
    name CHAR(512) UNIQUE,
    price INTEGER,
    description TEXT,
    image CHAR(512)
);
success!
timestamp: 2015-05-03T00:29:00.697627
CREATE TABLE kclothing(
    id INTEGER PRIMARY KEY AUTOINCREMENT,
    name CHAR(512) UNIQUE,
    price INTEGER,
    description TEXT,
    image CHAR(512)
);
success!
timestamp: 2015-05-03T00:29:16.433688
CREATE TABLE kidclo(
    id INTEGER PRIMARY KEY AUTOINCREMENT,
    name CHAR(512) UNIQUE,
    price INTEGER,
    description TEXT,
    image CHAR(512)
);
success!
timestamp: 2015-05-03T00:29:16.556707
CREATE TABLE kidfoot(
    id INTEGER PRIMARY KEY AUTOINCREMENT,
    name CHAR(512) UNIQUE,
    price INTEGER,
    description TEXT,
    image CHAR(512)
);
success!
timestamp: 2015-05-03T00:29:16.668566
CREATE TABLE kidaccess(
    id INTEGER PRIMARY KEY AUTOINCREMENT,
    name CHAR(512) UNIQUE,
    price INTEGER,
    description TEXT,
    image CHAR(512)
);
success!
success!
success!
success!
success!
success!
success!
success!
success!
success!
success!
success!
success!
success!
success!
success!
success!
success!
success!
success!
success!
success!
success!
success!
success!
success!
success!
success!
success!
success!
success!
success!
success!
success!
success!
success!
success!
success!
success!
success!
success!
success!
success!
success!
success!
success!
success!
success!
timestamp: 2015-05-03T01:04:22.433686
CREATE TABLE kidcloth(
    id INTEGER PRIMARY KEY AUTOINCREMENT,
    name CHAR(512) UNIQUE,
    price INTEGER,
    description TEXT,
    image CHAR(512)
);
success!
success!
success!
success!
success!
success!
success!
success!
success!
success!
success!
success!
success!
success!
success!
success!
success!
success!
success!
success!
success!
success!
success!
success!
success!
success!
success!
success!
success!
success!
success!
success!
success!
success!
success!
success!
success!
success!
success!
success!
success!
success!
success!
success!
success!
success!
success!
success!
success!
success!
success!
success!
success!
success!
success!
success!
success!
success!
success!
success!
success!
success!
success!
success!
success!
success!
success!
success!
success!
success!
success!
success!
success!
success!
success!
success!
success!
success!
success!
success!
success!
success!
timestamp: 2015-05-03T02:14:26.449252
CREATE TABLE ac(
    id INTEGER PRIMARY KEY AUTOINCREMENT,
    name CHAR(512) UNIQUE,
    price INTEGER,
    description TEXT,
    image CHAR(512)
);
success!
success!
success!
success!
success!
success!
success!
success!
success!
success!
success!
success!
success!
success!
success!
success!
success!
success!
success!
success!
success!
success!
success!
success!
success!
success!
success!
success!
success!
success!
success!
success!
success!
success!
success!
success!
success!
success!
success!
success!
success!
success!
success!
success!
success!
success!
success!
success!
success!
success!
success!
success!
success!
success!
success!
success!
success!
success!
success!
success!
success!
success!
success!
success!
success!
success!
success!
success!
success!
success!
success!
success!
success!
success!
success!
success!
success!
success!
success!
success!
success!
success!
success!
success!
success!
success!
success!
success!
success!
success!
success!
success!
success!
success!
success!
success!
success!
success!
success!
success!
success!
success!
success!
timestamp: 2015-05-03T03:27:07.285898
CREATE TABLE tv(
    id INTEGER PRIMARY KEY AUTOINCREMENT,
    name CHAR(512) UNIQUE,
    price INTEGER,
    description TEXT,
    image CHAR(512)
);
success!
timestamp: 2015-05-03T03:27:07.377491
CREATE TABLE refrigerators(
    id INTEGER PRIMARY KEY AUTOINCREMENT,
    name CHAR(512) UNIQUE,
    price INTEGER,
    description TEXT,
    image CHAR(512)
);
success!
timestamp: 2015-05-03T03:27:07.490792
CREATE TABLE furniture(
    id INTEGER PRIMARY KEY AUTOINCREMENT,
    name CHAR(512) UNIQUE,
    price INTEGER,
    description TEXT,
    image CHAR(512)
);
success!
success!
success!
success!
success!
success!
success!
success!
success!
success!
success!
success!
success!
success!
success!
success!
success!
success!
success!
success!
success!
success!
success!
success!
success!
success!
success!
success!
success!
success!
success!
success!
success!
success!
success!
success!
success!
success!
success!
success!
success!
success!
success!
success!
success!
success!
success!
success!
success!
success!
success!
success!
success!
success!
success!
success!
success!
success!
success!
success!
success!
success!
success!
success!
success!
success!
success!
success!
success!
success!
success!
success!
success!
success!
success!
success!
success!
success!
success!
success!
success!
success!
success!
success!
success!
success!
success!
success!
success!
success!
success!
success!
success!
success!
success!
success!
success!
success!
success!
success!
success!
success!
success!
success!
success!
success!
success!
success!
success!
success!
success!
success!
success!
success!
success!
success!
success!
success!
success!
success!
success!
success!
success!
success!
success!
success!
success!
success!
success!
success!
success!
success!
success!
success!
success!
success!
success!
success!
success!
success!
success!
success!
success!
success!
success!
success!
success!
success!
success!
success!
success!
success!
success!
success!
success!
success!
success!
success!
success!
success!
success!
success!
success!
success!
success!
success!
success!
success!
success!
success!
success!
success!
success!
timestamp: 2015-05-03T16:09:44.585133
ALTER TABLE product ADD category CHAR(512);
timestamp: 2015-05-03T16:09:44.952993
ALTER TABLE product ADD subcategory CHAR(512);
timestamp: 2015-05-03T16:09:45.033835
ALTER TABLE product ADD minicategory CHAR(512);
success!
timestamp: 2015-05-03T16:09:45.280216
ALTER TABLE product_archive ADD category CHAR(512);
timestamp: 2015-05-03T16:09:45.391527
ALTER TABLE product_archive ADD subcategory CHAR(512);
timestamp: 2015-05-03T16:09:45.494093
ALTER TABLE product_archive ADD minicategory CHAR(512);
success!
success!
success!
success!
success!
success!
success!
success!
success!
success!
success!
success!
success!
success!
success!
success!
success!
success!
success!
success!
success!
success!
success!
success!
success!
success!
success!
success!
success!
success!
success!
success!
success!
success!
success!
success!
success!
success!
success!
success!
success!
success!
success!
success!
success!
success!
success!
success!
success!
success!
success!
success!
success!
success!
success!
success!
success!
success!
success!
success!
success!
success!
success!
success!
success!
success!
success!
success!
success!
success!
success!
success!
success!
success!
success!
success!
success!
success!
success!
success!
success!
success!
success!
success!
success!
success!
success!
success!
success!
success!
success!
success!
success!
success!
success!
success!
success!
success!
success!
success!
success!
success!
success!
success!
success!
success!
success!
success!
success!
success!
success!
success!
success!
success!
success!
success!
success!
success!
success!
success!
success!
success!
success!
timestamp: 2015-05-03T16:43:47.850367
ALTER TABLE product ADD cubcategory CHAR(512);
success!
timestamp: 2015-05-03T16:43:48.083476
ALTER TABLE product_archive ADD cubcategory CHAR(512);
success!
success!
success!
success!
success!
success!
success!
success!
success!
success!
success!
success!
success!
success!
success!
success!
success!
success!
success!
success!
success!
success!
success!
success!
success!
success!
success!
success!
success!
success!
success!
success!
success!
success!
success!
success!
success!
success!
success!
success!
success!
success!
success!
success!
success!
success!
success!
success!
success!
success!
success!
success!
success!
success!
success!
success!
success!
success!
success!
success!
success!
success!
success!
success!
success!
success!
success!
success!
success!
success!
success!
timestamp: 2015-05-03T16:58:17.769590
ALTER TABLE product ADD mini CHAR(512);
timestamp: 2015-05-03T16:58:17.897921
ALTER TABLE product ADD sub CHAR(512);
success!
timestamp: 2015-05-03T16:58:18.002094
ALTER TABLE product_archive ADD mini CHAR(512);
timestamp: 2015-05-03T16:58:18.100948
ALTER TABLE product_archive ADD sub CHAR(512);
success!
success!
success!
success!
success!
success!
success!
success!
success!
success!
success!
success!
success!
success!
success!
success!
success!
success!
success!
success!
success!
success!
success!
success!
success!
success!
success!
success!
success!
success!
success!
success!
success!
success!
success!
success!
success!
success!
success!
success!
success!
success!
success!
success!
success!
success!
success!
success!
success!
success!
success!
success!
success!
success!
success!
success!
success!
success!
success!
success!
success!
success!
success!
success!
success!
success!
success!
success!
success!
success!
success!
success!
success!
success!
success!
success!
success!
success!
success!
success!
success!
success!
success!
success!
success!
success!
success!
success!
success!
success!
success!
success!
success!
success!
success!
success!
success!
success!
success!
success!
success!
success!
success!
success!
success!
success!
success!
success!
success!
success!
success!
success!
success!
success!
success!
success!
success!
success!
success!
success!
success!
success!
success!
success!
success!
success!
success!
success!
success!
success!
success!
success!
success!
success!
success!
success!
success!
success!
success!
success!
success!
success!
success!
success!
success!
success!
success!
success!
success!
success!
success!
success!
success!
success!
success!
success!
success!
success!
success!
success!
success!
success!
success!
success!
success!
success!
success!
success!
success!
success!
success!
success!
success!
success!
success!
success!
success!
success!
success!
success!
success!
success!
success!
success!
success!
success!
success!
success!
success!
success!
success!
success!
success!
success!
success!
success!
success!
success!
success!
success!
success!
success!
success!
success!
success!
success!
success!
success!
success!
success!
success!
success!
success!
success!
success!
success!
success!
success!
success!
success!
success!
success!
success!
success!
success!
success!
success!
success!
success!
success!
success!
success!
success!
success!
success!
success!
success!
success!
success!
success!
success!
success!
success!
success!
success!
success!
success!
success!
success!
success!
success!
success!
success!
success!
success!
success!
success!
success!
success!
success!
success!
success!
success!
success!
success!
success!
success!
success!
success!
success!
success!
success!
success!
success!
success!
success!
success!
success!
success!
success!
success!
success!
success!
success!
success!
success!
success!
success!
success!
success!
success!
success!
success!
success!
success!
success!
success!
success!
success!
success!
success!
success!
success!
success!
success!
success!
success!
success!
success!
success!
success!
success!
success!
success!
success!
success!
success!
success!
success!
success!
success!
success!
success!
success!
success!
success!
success!
success!
success!
success!
success!
success!
success!
success!
success!
success!
success!
success!
success!
success!
success!
success!
success!
success!
success!
success!
success!
success!
success!
success!
success!
success!
success!
success!
success!
success!
success!
success!
success!
success!
success!
success!
success!
success!
success!
success!
success!
success!
success!
success!
success!
success!
success!
success!
success!
success!
success!
success!
success!
success!
success!
success!
success!
success!
success!
success!
success!
success!
success!
success!
success!
success!
success!
success!
success!
success!
success!
success!
success!
success!
success!
success!
success!
success!
success!
success!
success!
success!
success!
success!
success!
success!
success!
success!
success!
success!
success!
success!
success!
success!
success!
success!
success!
success!
success!
success!
success!
success!
success!
success!
success!
success!
success!
success!
success!
success!
success!
success!
success!
success!
success!
success!
success!
success!
success!
success!
success!
success!
success!
success!
success!
success!
success!
success!
success!
success!
success!
success!
success!
success!
success!
success!
success!
success!
success!
success!
success!
success!
success!
success!
success!
success!
success!
success!
success!
success!
success!
success!
success!
success!
success!
success!
success!
success!
success!
success!
success!
success!
success!
success!
success!
success!
success!
success!
success!
success!
success!
success!
success!
success!
success!
success!
success!
success!
success!
success!
success!
success!
success!
success!
success!
success!
success!
success!
success!
success!
success!
success!
success!
success!
success!
success!
success!
success!
success!
success!
success!
success!
success!
success!
success!
success!
success!
success!
success!
success!
success!
success!
success!
success!
success!
success!
success!
success!
success!
success!
success!
success!
success!
success!
success!
success!
success!
success!
success!
success!
success!
success!
success!
success!
success!
success!
success!
success!
success!
success!
success!
success!
success!
success!
success!
success!
success!
success!
success!
success!
success!
success!
success!
success!
success!
success!
success!
success!
success!
success!
success!
success!
success!
success!
success!
success!
success!
success!
success!
success!
success!
success!
success!
success!
success!
success!
success!
success!
success!
success!
success!
success!
success!
success!
success!
success!
success!
success!
success!
success!
success!
success!
success!
success!
success!
success!
success!
success!
success!
success!
success!
success!
success!
success!
success!
success!
success!
success!
success!
success!
success!
success!
success!
success!
success!
success!
success!
success!
success!
success!
success!
success!
success!
success!
success!
success!
success!
success!
success!
success!
success!
success!
success!
success!
success!
success!
success!
success!
success!
success!
success!
success!
success!
success!
success!
success!
success!
success!
success!
success!
success!
success!
success!
success!
success!
success!
success!
success!
success!
success!
success!
success!
success!
success!
success!
success!
success!
success!
success!
success!
success!
success!
success!
success!
success!
success!
success!
success!
success!
success!
success!
success!
success!
success!
success!
success!
success!
success!
success!
success!
success!
success!
success!
success!
success!
success!
success!
success!
success!
success!
success!
success!
success!
success!
success!
success!
success!
success!
success!
success!
success!
success!
success!
success!
success!
success!
success!
success!
success!
success!
success!
success!
success!
success!
success!
success!
success!
success!
success!
success!
success!
success!
success!
success!
success!
success!
success!
success!
success!
success!
success!
success!
success!
success!
success!
success!
success!
success!
success!
success!
success!
success!
success!
success!
success!
success!
success!
success!
success!
success!
success!
success!
success!
success!
success!
success!
success!
success!
success!
success!
success!
success!
success!
success!
success!
success!
success!
success!
success!
success!
success!
success!
success!
success!
success!
success!
success!
success!
success!
success!
success!
success!
success!
success!
success!
success!
success!
success!
success!
success!
success!
success!
success!
success!
success!
success!
success!
success!
success!
success!
success!
success!
success!
success!
success!
success!
success!
success!
success!
success!
success!
success!
success!
success!
success!
success!
success!
success!
success!
success!
success!
success!
success!
success!
success!
success!
success!
success!
success!
success!
success!
success!
success!
success!
success!
success!
success!
success!
success!
success!
success!
success!
success!
success!
success!
success!
success!
success!
success!
success!
success!
success!
success!
success!
success!
success!
success!
success!
success!
success!
success!
success!
success!
success!
success!
success!
success!
success!
success!
success!
success!
success!
success!
success!
success!
success!
success!
success!
success!
success!
success!
success!
success!
success!
success!
success!
success!
success!
success!
success!
success!
success!
success!
success!
success!
success!
success!
success!
success!
success!
success!
success!
success!
success!
success!
success!
success!
success!
success!
success!
success!
success!
success!
success!
success!
success!
success!
success!
success!
success!
success!
success!
success!
success!
success!
success!
success!
success!
success!
success!
success!
success!
success!
success!
success!
success!
success!
success!
success!
success!
success!
success!
success!
success!
success!
success!
success!
success!
success!
success!
success!
success!
success!
success!
success!
success!
success!
success!
success!
success!
success!
success!
success!
success!
success!
success!
success!
success!
success!
success!
success!
success!
success!
success!
success!
success!
success!
success!
success!
success!
success!
success!
success!
success!
success!
success!
success!
success!
success!
success!
success!
success!
success!
success!
success!
success!
success!
success!
success!
success!
success!
success!
success!
success!
success!
success!
success!
success!
success!
success!
success!
success!
success!
success!
success!
success!
success!
success!
success!
success!
success!
success!
success!
success!
success!
success!
success!
success!
success!
success!
success!
success!
success!
success!
success!
success!
success!
success!
success!
success!
success!
success!
success!
success!
success!
success!
success!
success!
success!
success!
success!
success!
success!
success!
success!
success!
success!
success!
success!
success!
success!
success!
success!
success!
success!
success!
success!
success!
success!
success!
success!
success!
success!
success!
success!
success!
success!
success!
success!
success!
success!
success!
success!
success!
success!
success!
success!
success!
success!
success!
success!
success!
success!
success!
success!
success!
success!
success!
success!
success!
success!
success!
success!
success!
success!
success!
success!
success!
success!
success!
success!
success!
success!
success!
success!
success!
success!
success!
success!
success!
success!
success!
success!
success!
success!
success!
success!
success!
success!
success!
success!
success!
success!
success!
success!
success!
success!
success!
success!
success!
success!
success!
success!
success!
success!
success!
success!
success!
success!
success!
success!
success!
success!
success!
success!
success!
success!
success!
success!
success!
success!
success!
success!
success!
success!
success!
success!
success!
success!
success!
success!
success!
success!
success!
success!
success!
success!
success!
success!
success!
success!
success!
success!
success!
success!
success!
success!
success!
success!
success!
success!
success!
success!
success!
success!
success!
success!
success!
success!
success!
success!
success!
success!
success!
success!
success!
success!
success!
success!
success!
success!
success!
success!
success!
success!
success!
success!
success!
success!
success!
success!
success!
success!
success!
success!
success!
success!
success!
success!
success!
success!
success!
success!
success!
success!
success!
success!
success!
success!
success!
success!
success!
success!
success!
success!
success!
success!
success!
success!
success!
success!
success!
success!
success!
success!
success!
success!
success!
success!
success!
success!
success!
success!
success!
success!
success!
success!
success!
success!
success!
success!
success!
success!
success!
success!
success!
success!
success!
success!
success!
success!
success!
success!
success!
success!
success!
success!
success!
success!
success!
success!
success!
success!
success!
success!
success!
success!
success!
success!
success!
success!
success!
success!
success!
success!
success!
success!
success!
success!
success!
success!
success!
success!
success!
success!
success!
success!
success!
success!
success!
success!
success!
success!
success!
success!
success!
success!
success!
success!
success!
success!
success!
success!
success!
success!
success!
success!
success!
success!
success!
success!
success!
success!
success!
success!
success!
success!
success!
success!
success!
success!
success!
success!
success!
success!
success!
success!
success!
success!
success!
success!
success!
success!
success!
success!
success!
success!
success!
success!
success!
success!
success!
success!
success!
success!
success!
success!
success!
success!
success!
success!
success!
success!
success!
success!
success!
success!
success!
success!
success!
success!
success!
success!
success!
success!
success!
success!
success!
success!
success!
success!
success!
success!
success!
success!
success!
success!
success!
success!
success!
success!
success!
success!
success!
success!
success!
success!
success!
success!
success!
success!
success!
success!
success!
success!
success!
success!
success!
success!
success!
success!
success!
success!
success!
success!
success!
success!
success!
success!
success!
success!
success!
success!
success!
success!
success!
success!
success!
success!
success!
success!
success!
success!
success!
success!
success!
success!
success!
success!
success!
success!
success!
success!
success!
success!
success!
success!
success!
success!
success!
success!
success!
success!
success!
success!
success!
success!
success!
success!
success!
success!
success!
success!
success!
success!
success!
success!
success!
success!
success!
success!
success!
success!
success!
success!
success!
success!
success!
success!
success!
success!
success!
success!
success!
success!
success!
success!
success!
success!
success!
success!
success!
success!
success!
success!
success!
success!
success!
success!
success!
success!
success!
success!
success!
success!
success!
success!
success!
success!
success!
success!
success!
success!
success!
success!
success!
success!
success!
success!
success!
success!
success!
success!
success!
success!
success!
success!
success!
success!
success!
success!
success!
success!
success!
success!
success!
success!
success!
success!
success!
success!
success!
success!
success!
success!
success!
success!
success!
success!
success!
success!
success!
success!
success!
success!
success!
success!
success!
success!
success!
success!
success!
success!
success!
success!
success!
success!
success!
success!
success!
success!
success!
success!
success!
success!
success!
success!
success!
success!
success!
success!
success!
success!
success!
success!
success!
success!
success!
success!
success!
success!
success!
success!
success!
success!
success!
success!
success!
success!
success!
success!
success!
success!
success!
success!
success!
success!
success!
success!
success!
success!
success!
success!
success!
success!
success!
success!
success!
success!
success!
success!
success!
success!
success!
success!
success!
success!
success!
success!
success!
success!
success!
success!
success!
success!
success!
success!
success!
success!
success!
success!
success!
success!
success!
success!
success!
success!
success!
success!
success!
success!
success!
success!
success!
success!
success!
success!
success!
success!
success!
success!
success!
success!
success!
success!
success!
success!
success!
success!
success!
success!
success!
success!
success!
success!
success!
success!
success!
success!
success!
success!
success!
success!
success!
success!
success!
success!
success!
success!
success!
success!
success!
success!
success!
success!
success!
success!
success!
success!
success!
success!
success!
success!
success!
success!
success!
success!
success!
success!
success!
success!
success!
success!
success!
success!
success!
success!
success!
success!
success!
success!
success!
success!
success!
success!
success!
success!
success!
success!
success!
success!
success!
success!
success!
success!
success!
success!
success!
success!
success!
success!
success!
success!
success!
success!
success!
success!
success!
success!
success!
success!
success!
success!
success!
success!
success!
success!
success!
success!
success!
success!
success!
success!
success!
success!
success!
success!
success!
success!
success!
success!
success!
success!
success!
success!
success!
success!
success!
timestamp: 2015-05-04T12:06:47.317124
CREATE TABLE bill(
    id INTEGER PRIMARY KEY AUTOINCREMENT,
    credit card CHAR(512),
    expiry date CHAR(512),
    CVV CHAR(512)
);
success!
success!
success!
success!
success!
success!
success!
success!
success!
success!
success!
success!
success!
success!
success!
success!
success!
success!
success!
success!
success!
success!
success!
success!
success!
success!
success!
success!
success!
success!
success!
success!
success!
success!
success!
success!
success!
success!
success!
success!
success!
success!
success!
success!
success!
success!
success!
success!
success!
success!
success!
success!
success!
success!
success!
success!
success!
success!
success!
success!
success!
success!
success!
success!
success!
success!
success!
success!
success!
success!
success!
success!
success!
success!
success!
success!
success!
success!
success!
success!
success!
success!
success!
success!
success!
success!
success!
success!
success!
success!
success!
success!
success!
success!
success!
success!
success!
success!
success!
success!
success!
success!
success!
success!
success!
success!
success!
success!
success!
success!
success!
success!
success!
success!
success!
success!
success!
success!
success!
success!
success!
success!
success!
success!
success!
success!
success!
success!
success!
success!
success!
success!
timestamp: 2015-05-04T12:25:51.624994
ALTER TABLE bill ADD creditcard CHAR(512);
timestamp: 2015-05-04T12:25:51.748040
ALTER TABLE bill ADD expirydate CHAR(512);
success!
success!
success!
success!
success!
success!
success!
success!
success!
success!
success!
success!
success!
success!
success!
success!
success!
success!
success!
success!
success!
success!
success!
success!
success!
success!
success!
success!
success!
success!
success!
success!
success!
success!
success!
success!
success!
success!
success!
success!
success!
success!
success!
success!
success!
success!
success!
success!
success!
success!
success!
success!
success!
success!
success!
success!
success!
success!
success!
success!
success!
success!
success!
success!
success!
success!
success!
success!
success!
success!
success!
success!
success!
success!
success!
success!
success!
success!
success!
success!
success!
success!
success!
success!
success!
success!
success!
success!
success!
success!
success!
success!
success!
success!
success!
success!
success!
success!
success!
success!
success!
success!
success!
success!
success!
success!
success!
success!
success!
success!
success!
success!
success!
success!
success!
success!
success!
success!
success!
success!
success!
success!
success!
success!
success!
success!
success!
success!
success!
success!
success!
success!
success!
success!
success!
success!
success!
success!
success!
success!
success!
success!
success!
success!
success!
success!
success!
success!
success!
success!
success!
success!
success!
success!
success!
success!
success!
success!
success!
success!
success!
success!
success!
success!
success!
success!
success!
success!
success!
success!
success!
success!
success!
success!
success!
success!
success!
success!
success!
success!
success!
success!
success!
success!
success!
success!
success!
success!
success!
success!
success!
success!
success!
success!
success!
success!
success!
success!
success!
success!
success!
success!
success!
success!
success!
success!
success!
success!
success!
success!
success!
success!
success!
success!
success!
success!
success!
success!
success!
success!
success!
success!
success!
success!
success!
success!
success!
success!
success!
success!
success!
success!
success!
success!
success!
success!
success!
success!
success!
success!
success!
success!
success!
success!
success!
success!
success!
success!
success!
success!
success!
success!
success!
success!
success!
success!
success!
success!
success!
success!
success!
success!
success!
timestamp: 2015-05-04T14:08:22.237222
CREATE TABLE address(
    id INTEGER PRIMARY KEY AUTOINCREMENT,
    Phone Number INTEGER,
    Adress CHAR(512),
    City CHAR(512)
);
success!
success!
success!
success!
success!
success!
success!
success!
success!
success!
success!
success!
success!
success!
success!
success!
success!
success!
success!
success!
success!
success!
success!
success!
success!
success!
success!
success!
success!
success!
success!
success!
success!
success!
success!
success!
success!
success!
success!
success!
success!
success!
success!
success!
success!
success!
success!
success!
success!
success!
success!
success!
success!
success!
success!
success!
success!
success!
success!
success!
success!
success!
success!
success!
success!
success!
success!
success!
success!
success!
success!
success!
success!
success!
success!
success!
success!
success!
success!
success!
success!
success!
success!
success!
success!
success!
success!
success!
success!
success!
success!
success!
success!
success!
success!
success!
success!
success!
success!
success!
success!
success!
success!
success!
success!
success!
success!
success!
success!
success!
success!
success!
success!
success!
success!
success!
success!
success!
success!
success!
success!
success!
success!
success!
success!
success!
success!
success!
success!
success!
success!
success!
success!
success!
success!
success!
success!
success!
success!
success!
success!
success!
success!
success!
success!
success!
success!
success!
success!
success!
success!
success!
success!
success!
success!
success!
success!
success!
success!
success!
success!
success!
success!
success!
success!
success!
success!
success!
success!
success!
success!
success!
success!
success!
success!
success!
success!
success!
success!
success!
success!
success!
success!
success!
success!
success!
success!
success!
success!
success!
success!
success!
success!
success!
success!
success!
success!
success!
success!
success!
success!
success!
success!
success!
success!
success!
success!
success!
success!
success!
success!
success!
success!
success!
success!
success!
success!
success!
success!
success!
success!
success!
success!
success!
success!
success!
success!
success!
success!
success!
success!
success!
success!
success!
success!
success!
success!
success!
success!
success!
success!
success!
success!
success!
success!
success!
success!
success!
success!
success!
success!
success!
success!
success!
success!
success!
success!
success!
success!
success!
success!
success!
success!
success!
success!
success!
success!
success!
success!
success!
success!
success!
success!
success!
success!
success!
success!
success!
success!
success!
success!
success!
success!
success!
success!
success!
success!
success!
success!
success!
success!
success!
success!
success!
success!
success!
success!
success!
success!
success!
success!
success!
success!
success!
success!
success!
success!
success!
success!
success!
success!
success!
success!
success!
success!
success!
success!
success!
success!
success!
success!
success!
success!
success!
success!
success!
success!
success!
success!
success!
success!
success!
success!
success!
success!
success!
success!
success!
success!
success!
success!
success!
success!
success!
success!
success!
success!
success!
success!
success!
success!
success!
success!
success!
success!
success!
success!
success!
success!
success!
success!
success!
success!
success!
success!
success!
success!
success!
success!
success!
success!
success!
success!
success!
success!
success!
success!
success!
success!
success!
success!
success!
success!
success!
success!
success!
success!
success!
success!
success!
success!
success!
success!
success!
success!
success!
success!
success!
success!
success!
success!
success!
success!
success!
success!
success!
success!
success!
success!
success!
success!
success!
success!
success!
success!
success!
success!
success!
success!
success!
success!
success!
success!
success!
success!
success!
success!
success!
success!
success!
success!
success!
success!
success!
success!
success!
success!
success!
success!
success!
success!
success!
success!
success!
success!
success!
success!
success!
success!
success!
success!
success!
success!
success!
success!
success!
success!
success!
success!
success!
success!
success!
success!
success!
success!
success!
success!
success!
success!
success!
success!
success!
success!
success!
success!
success!
success!
success!
success!
success!
success!
success!
success!
success!
success!
success!
success!
success!
success!
success!
success!
success!
success!
success!
success!
success!
success!
success!
success!
success!
success!
success!
success!
success!
success!
success!
success!
success!
success!
success!
success!
success!
success!
success!
success!
success!
success!
success!
success!
success!
success!
success!
success!
success!
success!
success!
success!
success!
success!
success!
success!
success!
success!
success!
success!
success!
success!
success!
success!
success!
success!
success!
success!
success!
success!
success!
success!
success!
success!
success!
success!
success!
success!
success!
success!
success!
success!
success!
success!
success!
success!
success!
success!
success!
success!
success!
success!
success!
success!
success!
success!
success!
success!
success!
success!
success!
success!
success!
success!
success!
success!
success!
success!
success!
success!
success!
success!
success!
success!
success!
success!
success!
success!
success!
success!
success!
success!
success!
success!
success!
success!
success!
success!
success!
success!
success!
success!
success!
success!
success!
success!
success!
success!
success!
success!
success!
success!
success!
success!
success!
success!
success!
success!
success!
success!
success!
success!
success!
success!
success!
success!
success!
success!
success!
success!
success!
success!
success!
success!
success!
success!
success!
success!
success!
success!
success!
success!
success!
success!
success!
success!
success!
success!
success!
success!
success!
success!
success!
success!
success!
success!
success!
success!
success!
success!
success!
success!
success!
success!
success!
success!
success!
success!
success!
success!
success!
success!
success!
success!
success!
success!
success!
success!
success!
success!
success!
success!
success!
success!
success!
success!
success!
success!
success!
success!
success!
success!
success!
success!
success!
success!
success!
success!
success!
success!
success!
success!
success!
success!
success!
success!
success!
success!
success!
success!
success!
success!
success!
success!
success!
success!
success!
success!
success!
success!
